2025-10-06 19:45:55,697 - KFCBot - INFO - Iniciando bot de KFC...
2025-10-06 19:45:57,941 - httpx - INFO - HTTP Request: POST https://api.telegram.org/bot8329685664:AAG0v7R4XaT7S8IIyOXWfY5_zGSTzPjzsdA/getMe "HTTP/1.1 200 OK"
2025-10-06 19:45:58,099 - httpx - INFO - HTTP Request: POST https://api.telegram.org/bot8329685664:AAG0v7R4XaT7S8IIyOXWfY5_zGSTzPjzsdA/deleteWebhook "HTTP/1.1 200 OK"
2025-10-06 19:45:58,103 - apscheduler.scheduler - INFO - Scheduler started
2025-10-06 19:45:58,104 - telegram.ext.Application - INFO - Application started
2025-10-06 19:46:08,581 - httpx - INFO - HTTP Request: POST https://api.telegram.org/bot8329685664:AAG0v7R4XaT7S8IIyOXWfY5_zGSTzPjzsdA/getUpdates "HTTP/1.1 200 OK"
2025-10-06 19:46:18,743 - httpx - INFO - HTTP Request: POST https://api.telegram.org/bot8329685664:AAG0v7R4XaT7S8IIyOXWfY5_zGSTzPjzsdA/getUpdates "HTTP/1.1 200 OK"
2025-10-06 19:46:22,037 - httpx - INFO - HTTP Request: POST https://api.telegram.org/bot8329685664:AAG0v7R4XaT7S8IIyOXWfY5_zGSTzPjzsdA/getUpdates "HTTP/1.1 200 OK"
2025-10-06 19:46:22,777 - httpx - INFO - HTTP Request: POST https://api.telegram.org/bot8329685664:AAG0v7R4XaT7S8IIyOXWfY5_zGSTzPjzsdA/sendMessage "HTTP/1.1 200 OK"
2025-10-06 19:46:32,197 - httpx - INFO - HTTP Request: POST https://api.telegram.org/bot8329685664:AAG0v7R4XaT7S8IIyOXWfY5_zGSTzPjzsdA/getUpdates "HTTP/1.1 200 OK"
2025-10-06 19:46:32,368 - httpx - INFO - HTTP Request: POST https://api.telegram.org/bot8329685664:AAG0v7R4XaT7S8IIyOXWfY5_zGSTzPjzsdA/getUpdates "HTTP/1.1 200 OK"
2025-10-06 19:46:32,961 - httpx - INFO - HTTP Request: POST https://api.telegram.org/bot8329685664:AAG0v7R4XaT7S8IIyOXWfY5_zGSTzPjzsdA/sendMessage "HTTP/1.1 200 OK"
2025-10-06 19:46:42,529 - httpx - INFO - HTTP Request: POST https://api.telegram.org/bot8329685664:AAG0v7R4XaT7S8IIyOXWfY5_zGSTzPjzsdA/getUpdates "HTTP/1.1 200 OK"
2025-10-06 19:46:42,943 - httpx - INFO - HTTP Request: POST https://api.telegram.org/bot8329685664:AAG0v7R4XaT7S8IIyOXWfY5_zGSTzPjzsdA/getUpdates "HTTP/1.1 200 OK"
2025-10-06 19:46:43,560 - httpx - INFO - HTTP Request: POST https://api.telegram.org/bot8329685664:AAG0v7R4XaT7S8IIyOXWfY5_zGSTzPjzsdA/sendMessage "HTTP/1.1 200 OK"
2025-10-06 19:46:50,602 - httpx - INFO - HTTP Request: POST https://api.telegram.org/bot8329685664:AAG0v7R4XaT7S8IIyOXWfY5_zGSTzPjzsdA/getUpdates "HTTP/1.1 200 OK"
2025-10-06 19:47:00,762 - httpx - INFO - HTTP Request: POST https://api.telegram.org/bot8329685664:AAG0v7R4XaT7S8IIyOXWfY5_zGSTzPjzsdA/getUpdates "HTTP/1.1 200 OK"
2025-10-06 19:47:10,920 - httpx - INFO - HTTP Request: POST https://api.telegram.org/bot8329685664:AAG0v7R4XaT7S8IIyOXWfY5_zGSTzPjzsdA/getUpdates "HTTP/1.1 200 OK"
2025-10-06 19:47:18,126 - httpx - INFO - HTTP Request: POST https://api.telegram.org/bot8329685664:AAG0v7R4XaT7S8IIyOXWfY5_zGSTzPjzsdA/getUpdates "HTTP/1.1 200 OK"
2025-10-06 19:47:18,718 - httpx - INFO - HTTP Request: POST https://api.telegram.org/bot8329685664:AAG0v7R4XaT7S8IIyOXWfY5_zGSTzPjzsdA/sendMessage "HTTP/1.1 200 OK"
2025-10-06 19:47:25,496 - httpx - INFO - HTTP Request: POST https://api.telegram.org/bot8329685664:AAG0v7R4XaT7S8IIyOXWfY5_zGSTzPjzsdA/getUpdates "HTTP/1.1 200 OK"
2025-10-06 19:47:26,105 - httpx - INFO - HTTP Request: POST https://api.telegram.org/bot8329685664:AAG0v7R4XaT7S8IIyOXWfY5_zGSTzPjzsdA/sendMessage "HTTP/1.1 200 OK"
2025-10-06 19:47:29,840 - httpx - INFO - HTTP Request: POST https://api.telegram.org/bot8329685664:AAG0v7R4XaT7S8IIyOXWfY5_zGSTzPjzsdA/getUpdates "HTTP/1.1 200 OK"
2025-10-06 19:47:30,126 - httpx - INFO - HTTP Request: POST https://api.telegram.org/bot8329685664:AAG0v7R4XaT7S8IIyOXWfY5_zGSTzPjzsdA/sendMessage "HTTP/1.1 200 OK"
2025-10-06 19:47:30,127 - KFCBot - INFO - CONNECTION - User: telegram_user, Local: KFC004, Fecha: 20251006, ConnectionID: 1dbaa0df-7196-418f-a411-f7f70e02143c, Status: attempt
2025-10-06 19:47:31,288 - KFCBot - INFO - CONNECTION - User: telegram_user, Local: KFC004, Fecha: 20251006, ConnectionID: 1dbaa0df-7196-418f-a411-f7f70e02143c, Status: success
2025-10-06 19:47:31,288 - KFCBot - INFO - QUERY - User: telegram_user, Local: KFC004, Fecha: 20251006, Referencia: None, Autorizacion: None
2025-10-06 19:47:31,766 - httpx - INFO - HTTP Request: POST https://api.telegram.org/bot8329685664:AAG0v7R4XaT7S8IIyOXWfY5_zGSTzPjzsdA/sendMessage "HTTP/1.1 400 Bad Request"
2025-10-06 19:47:32,046 - httpx - INFO - HTTP Request: POST https://api.telegram.org/bot8329685664:AAG0v7R4XaT7S8IIyOXWfY5_zGSTzPjzsdA/sendMessage "HTTP/1.1 200 OK"
2025-10-06 19:47:39,999 - httpx - INFO - HTTP Request: POST https://api.telegram.org/bot8329685664:AAG0v7R4XaT7S8IIyOXWfY5_zGSTzPjzsdA/getUpdates "HTTP/1.1 200 OK"
2025-10-06 19:47:40,934 - httpx - INFO - HTTP Request: POST https://api.telegram.org/bot8329685664:AAG0v7R4XaT7S8IIyOXWfY5_zGSTzPjzsdA/getUpdates "HTTP/1.1 200 OK"
2025-10-06 19:47:41,548 - httpx - INFO - HTTP Request: POST https://api.telegram.org/bot8329685664:AAG0v7R4XaT7S8IIyOXWfY5_zGSTzPjzsdA/sendMessage "HTTP/1.1 200 OK"
2025-10-06 19:47:46,307 - httpx - INFO - HTTP Request: POST https://api.telegram.org/bot8329685664:AAG0v7R4XaT7S8IIyOXWfY5_zGSTzPjzsdA/getUpdates "HTTP/1.1 200 OK"
2025-10-06 19:47:46,606 - httpx - INFO - HTTP Request: POST https://api.telegram.org/bot8329685664:AAG0v7R4XaT7S8IIyOXWfY5_zGSTzPjzsdA/sendMessage "HTTP/1.1 200 OK"
2025-10-06 19:47:56,467 - httpx - INFO - HTTP Request: POST https://api.telegram.org/bot8329685664:AAG0v7R4XaT7S8IIyOXWfY5_zGSTzPjzsdA/getUpdates "HTTP/1.1 200 OK"
2025-10-06 19:48:06,627 - httpx - INFO - HTTP Request: POST https://api.telegram.org/bot8329685664:AAG0v7R4XaT7S8IIyOXWfY5_zGSTzPjzsdA/getUpdates "HTTP/1.1 200 OK"
2025-10-06 19:48:16,799 - httpx - INFO - HTTP Request: POST https://api.telegram.org/bot8329685664:AAG0v7R4XaT7S8IIyOXWfY5_zGSTzPjzsdA/getUpdates "HTTP/1.1 200 OK"
2025-10-06 19:48:26,958 - httpx - INFO - HTTP Request: POST https://api.telegram.org/bot8329685664:AAG0v7R4XaT7S8IIyOXWfY5_zGSTzPjzsdA/getUpdates "HTTP/1.1 200 OK"
2025-10-06 19:48:37,116 - httpx - INFO - HTTP Request: POST https://api.telegram.org/bot8329685664:AAG0v7R4XaT7S8IIyOXWfY5_zGSTzPjzsdA/getUpdates "HTTP/1.1 200 OK"
2025-10-06 19:48:47,275 - httpx - INFO - HTTP Request: POST https://api.telegram.org/bot8329685664:AAG0v7R4XaT7S8IIyOXWfY5_zGSTzPjzsdA/getUpdates "HTTP/1.1 200 OK"
2025-10-06 19:48:57,452 - httpx - INFO - HTTP Request: POST https://api.telegram.org/bot8329685664:AAG0v7R4XaT7S8IIyOXWfY5_zGSTzPjzsdA/getUpdates "HTTP/1.1 200 OK"
2025-10-06 19:49:07,610 - httpx - INFO - HTTP Request: POST https://api.telegram.org/bot8329685664:AAG0v7R4XaT7S8IIyOXWfY5_zGSTzPjzsdA/getUpdates "HTTP/1.1 200 OK"
2025-10-06 19:49:12,268 - httpx - INFO - HTTP Request: POST https://api.telegram.org/bot8329685664:AAG0v7R4XaT7S8IIyOXWfY5_zGSTzPjzsdA/getUpdates "HTTP/1.1 200 OK"
2025-10-06 19:49:12,882 - httpx - INFO - HTTP Request: POST https://api.telegram.org/bot8329685664:AAG0v7R4XaT7S8IIyOXWfY5_zGSTzPjzsdA/sendMessage "HTTP/1.1 200 OK"
2025-10-06 19:49:22,429 - httpx - INFO - HTTP Request: POST https://api.telegram.org/bot8329685664:AAG0v7R4XaT7S8IIyOXWfY5_zGSTzPjzsdA/getUpdates "HTTP/1.1 200 OK"
2025-10-06 19:49:24,755 - httpx - INFO - HTTP Request: POST https://api.telegram.org/bot8329685664:AAG0v7R4XaT7S8IIyOXWfY5_zGSTzPjzsdA/getUpdates "HTTP/1.1 200 OK"
2025-10-06 19:49:25,354 - httpx - INFO - HTTP Request: POST https://api.telegram.org/bot8329685664:AAG0v7R4XaT7S8IIyOXWfY5_zGSTzPjzsdA/sendMessage "HTTP/1.1 200 OK"
2025-10-06 19:49:34,917 - httpx - INFO - HTTP Request: POST https://api.telegram.org/bot8329685664:AAG0v7R4XaT7S8IIyOXWfY5_zGSTzPjzsdA/getUpdates "HTTP/1.1 200 OK"
2025-10-06 19:49:45,074 - httpx - INFO - HTTP Request: POST https://api.telegram.org/bot8329685664:AAG0v7R4XaT7S8IIyOXWfY5_zGSTzPjzsdA/getUpdates "HTTP/1.1 200 OK"
2025-10-06 19:49:48,535 - httpx - INFO - HTTP Request: POST https://api.telegram.org/bot8329685664:AAG0v7R4XaT7S8IIyOXWfY5_zGSTzPjzsdA/getUpdates "HTTP/1.1 200 OK"
2025-10-06 19:49:49,198 - httpx - INFO - HTTP Request: POST https://api.telegram.org/bot8329685664:AAG0v7R4XaT7S8IIyOXWfY5_zGSTzPjzsdA/sendMessage "HTTP/1.1 200 OK"
2025-10-06 19:49:55,634 - httpx - INFO - HTTP Request: POST https://api.telegram.org/bot8329685664:AAG0v7R4XaT7S8IIyOXWfY5_zGSTzPjzsdA/getUpdates "HTTP/1.1 200 OK"
2025-10-06 19:49:56,286 - httpx - INFO - HTTP Request: POST https://api.telegram.org/bot8329685664:AAG0v7R4XaT7S8IIyOXWfY5_zGSTzPjzsdA/sendMessage "HTTP/1.1 200 OK"
2025-10-06 19:50:02,788 - httpx - INFO - HTTP Request: POST https://api.telegram.org/bot8329685664:AAG0v7R4XaT7S8IIyOXWfY5_zGSTzPjzsdA/getUpdates "HTTP/1.1 200 OK"
2025-10-06 19:50:03,456 - httpx - INFO - HTTP Request: POST https://api.telegram.org/bot8329685664:AAG0v7R4XaT7S8IIyOXWfY5_zGSTzPjzsdA/sendMessage "HTTP/1.1 200 OK"
2025-10-06 19:50:12,950 - httpx - INFO - HTTP Request: POST https://api.telegram.org/bot8329685664:AAG0v7R4XaT7S8IIyOXWfY5_zGSTzPjzsdA/getUpdates "HTTP/1.1 200 OK"
2025-10-06 19:50:19,888 - httpx - INFO - HTTP Request: POST https://api.telegram.org/bot8329685664:AAG0v7R4XaT7S8IIyOXWfY5_zGSTzPjzsdA/getUpdates "HTTP/1.1 200 OK"
2025-10-06 19:50:20,475 - httpx - INFO - HTTP Request: POST https://api.telegram.org/bot8329685664:AAG0v7R4XaT7S8IIyOXWfY5_zGSTzPjzsdA/sendMessage "HTTP/1.1 200 OK"
2025-10-06 19:50:20,476 - KFCBot - INFO - CONNECTION - User: telegram_user, Local: KFC026, Fecha: 20251006, ConnectionID: fde98432-4c7f-4d65-ae3d-e098e49335f4, Status: attempt
2025-10-06 19:50:21,548 - KFCBot - INFO - CONNECTION - User: telegram_user, Local: KFC026, Fecha: 20251006, ConnectionID: fde98432-4c7f-4d65-ae3d-e098e49335f4, Status: success
2025-10-06 19:50:21,548 - KFCBot - INFO - QUERY - User: telegram_user, Local: KFC026, Fecha: 20251006, Referencia: None, Autorizacion: 437654
2025-10-06 19:50:21,851 - httpx - INFO - HTTP Request: POST https://api.telegram.org/bot8329685664:AAG0v7R4XaT7S8IIyOXWfY5_zGSTzPjzsdA/sendMessage "HTTP/1.1 200 OK"
2025-10-06 19:50:30,047 - httpx - INFO - HTTP Request: POST https://api.telegram.org/bot8329685664:AAG0v7R4XaT7S8IIyOXWfY5_zGSTzPjzsdA/getUpdates "HTTP/1.1 200 OK"
2025-10-06 19:50:35,687 - httpx - INFO - HTTP Request: POST https://api.telegram.org/bot8329685664:AAG0v7R4XaT7S8IIyOXWfY5_zGSTzPjzsdA/getUpdates "HTTP/1.1 200 OK"
2025-10-06 19:50:41,469 - httpx - INFO - HTTP Request: POST https://api.telegram.org/bot8329685664:AAG0v7R4XaT7S8IIyOXWfY5_zGSTzPjzsdA/getUpdates "HTTP/1.1 200 OK"
2025-10-06 19:50:51,627 - httpx - INFO - HTTP Request: POST https://api.telegram.org/bot8329685664:AAG0v7R4XaT7S8IIyOXWfY5_zGSTzPjzsdA/getUpdates "HTTP/1.1 200 OK"
2025-10-06 19:51:01,785 - httpx - INFO - HTTP Request: POST https://api.telegram.org/bot8329685664:AAG0v7R4XaT7S8IIyOXWfY5_zGSTzPjzsdA/getUpdates "HTTP/1.1 200 OK"
2025-10-06 19:51:11,952 - httpx - INFO - HTTP Request: POST https://api.telegram.org/bot8329685664:AAG0v7R4XaT7S8IIyOXWfY5_zGSTzPjzsdA/getUpdates "HTTP/1.1 200 OK"
2025-10-06 19:51:22,113 - httpx - INFO - HTTP Request: POST https://api.telegram.org/bot8329685664:AAG0v7R4XaT7S8IIyOXWfY5_zGSTzPjzsdA/getUpdates "HTTP/1.1 200 OK"
2025-10-06 19:51:32,277 - httpx - INFO - HTTP Request: POST https://api.telegram.org/bot8329685664:AAG0v7R4XaT7S8IIyOXWfY5_zGSTzPjzsdA/getUpdates "HTTP/1.1 200 OK"
2025-10-06 19:51:42,437 - httpx - INFO - HTTP Request: POST https://api.telegram.org/bot8329685664:AAG0v7R4XaT7S8IIyOXWfY5_zGSTzPjzsdA/getUpdates "HTTP/1.1 200 OK"
2025-10-06 19:51:52,596 - httpx - INFO - HTTP Request: POST https://api.telegram.org/bot8329685664:AAG0v7R4XaT7S8IIyOXWfY5_zGSTzPjzsdA/getUpdates "HTTP/1.1 200 OK"
2025-10-06 19:52:00,317 - httpx - INFO - HTTP Request: POST https://api.telegram.org/bot8329685664:AAG0v7R4XaT7S8IIyOXWfY5_zGSTzPjzsdA/getUpdates "HTTP/1.1 200 OK"
2025-10-06 19:52:10,480 - httpx - INFO - HTTP Request: POST https://api.telegram.org/bot8329685664:AAG0v7R4XaT7S8IIyOXWfY5_zGSTzPjzsdA/getUpdates "HTTP/1.1 200 OK"
2025-10-06 19:52:13,434 - httpx - INFO - HTTP Request: POST https://api.telegram.org/bot8329685664:AAG0v7R4XaT7S8IIyOXWfY5_zGSTzPjzsdA/getUpdates "HTTP/1.1 200 OK"
2025-10-06 19:52:14,096 - httpx - INFO - HTTP Request: POST https://api.telegram.org/bot8329685664:AAG0v7R4XaT7S8IIyOXWfY5_zGSTzPjzsdA/sendMessage "HTTP/1.1 200 OK"
2025-10-06 19:52:23,597 - httpx - INFO - HTTP Request: POST https://api.telegram.org/bot8329685664:AAG0v7R4XaT7S8IIyOXWfY5_zGSTzPjzsdA/getUpdates "HTTP/1.1 200 OK"
2025-10-06 19:52:33,757 - httpx - INFO - HTTP Request: POST https://api.telegram.org/bot8329685664:AAG0v7R4XaT7S8IIyOXWfY5_zGSTzPjzsdA/getUpdates "HTTP/1.1 200 OK"
2025-10-06 19:52:43,916 - httpx - INFO - HTTP Request: POST https://api.telegram.org/bot8329685664:AAG0v7R4XaT7S8IIyOXWfY5_zGSTzPjzsdA/getUpdates "HTTP/1.1 200 OK"
2025-10-06 19:52:47,512 - httpx - INFO - HTTP Request: POST https://api.telegram.org/bot8329685664:AAG0v7R4XaT7S8IIyOXWfY5_zGSTzPjzsdA/getUpdates "HTTP/1.1 200 OK"
2025-10-06 19:52:48,142 - httpx - INFO - HTTP Request: POST https://api.telegram.org/bot8329685664:AAG0v7R4XaT7S8IIyOXWfY5_zGSTzPjzsdA/sendMessage "HTTP/1.1 200 OK"
2025-10-06 19:52:57,677 - httpx - INFO - HTTP Request: POST https://api.telegram.org/bot8329685664:AAG0v7R4XaT7S8IIyOXWfY5_zGSTzPjzsdA/getUpdates "HTTP/1.1 200 OK"
2025-10-06 19:53:07,908 - httpx - INFO - HTTP Request: POST https://api.telegram.org/bot8329685664:AAG0v7R4XaT7S8IIyOXWfY5_zGSTzPjzsdA/getUpdates "HTTP/1.1 200 OK"
2025-10-06 19:53:08,797 - httpx - INFO - HTTP Request: POST https://api.telegram.org/bot8329685664:AAG0v7R4XaT7S8IIyOXWfY5_zGSTzPjzsdA/getUpdates "HTTP/1.1 200 OK"
2025-10-06 19:53:09,637 - httpx - INFO - HTTP Request: POST https://api.telegram.org/bot8329685664:AAG0v7R4XaT7S8IIyOXWfY5_zGSTzPjzsdA/sendMessage "HTTP/1.1 200 OK"
2025-10-06 19:53:18,973 - httpx - INFO - HTTP Request: POST https://api.telegram.org/bot8329685664:AAG0v7R4XaT7S8IIyOXWfY5_zGSTzPjzsdA/getUpdates "HTTP/1.1 200 OK"
2025-10-06 19:53:29,132 - httpx - INFO - HTTP Request: POST https://api.telegram.org/bot8329685664:AAG0v7R4XaT7S8IIyOXWfY5_zGSTzPjzsdA/getUpdates "HTTP/1.1 200 OK"
2025-10-06 19:53:31,325 - httpx - INFO - HTTP Request: POST https://api.telegram.org/bot8329685664:AAG0v7R4XaT7S8IIyOXWfY5_zGSTzPjzsdA/getUpdates "HTTP/1.1 200 OK"
2025-10-06 19:53:41,494 - httpx - INFO - HTTP Request: POST https://api.telegram.org/bot8329685664:AAG0v7R4XaT7S8IIyOXWfY5_zGSTzPjzsdA/getUpdates "HTTP/1.1 200 OK"
2025-10-06 19:53:51,655 - httpx - INFO - HTTP Request: POST https://api.telegram.org/bot8329685664:AAG0v7R4XaT7S8IIyOXWfY5_zGSTzPjzsdA/getUpdates "HTTP/1.1 200 OK"
2025-10-06 19:54:01,814 - httpx - INFO - HTTP Request: POST https://api.telegram.org/bot8329685664:AAG0v7R4XaT7S8IIyOXWfY5_zGSTzPjzsdA/getUpdates "HTTP/1.1 200 OK"
2025-10-06 19:54:11,975 - httpx - INFO - HTTP Request: POST https://api.telegram.org/bot8329685664:AAG0v7R4XaT7S8IIyOXWfY5_zGSTzPjzsdA/getUpdates "HTTP/1.1 200 OK"
2025-10-06 19:54:22,134 - httpx - INFO - HTTP Request: POST https://api.telegram.org/bot8329685664:AAG0v7R4XaT7S8IIyOXWfY5_zGSTzPjzsdA/getUpdates "HTTP/1.1 200 OK"
2025-10-06 19:54:32,295 - httpx - INFO - HTTP Request: POST https://api.telegram.org/bot8329685664:AAG0v7R4XaT7S8IIyOXWfY5_zGSTzPjzsdA/getUpdates "HTTP/1.1 200 OK"
2025-10-06 19:54:42,453 - httpx - INFO - HTTP Request: POST https://api.telegram.org/bot8329685664:AAG0v7R4XaT7S8IIyOXWfY5_zGSTzPjzsdA/getUpdates "HTTP/1.1 200 OK"
2025-10-06 19:54:52,611 - httpx - INFO - HTTP Request: POST https://api.telegram.org/bot8329685664:AAG0v7R4XaT7S8IIyOXWfY5_zGSTzPjzsdA/getUpdates "HTTP/1.1 200 OK"
2025-10-06 19:55:02,770 - httpx - INFO - HTTP Request: POST https://api.telegram.org/bot8329685664:AAG0v7R4XaT7S8IIyOXWfY5_zGSTzPjzsdA/getUpdates "HTTP/1.1 200 OK"
2025-10-06 19:55:12,932 - httpx - INFO - HTTP Request: POST https://api.telegram.org/bot8329685664:AAG0v7R4XaT7S8IIyOXWfY5_zGSTzPjzsdA/getUpdates "HTTP/1.1 200 OK"
2025-10-06 19:55:23,090 - httpx - INFO - HTTP Request: POST https://api.telegram.org/bot8329685664:AAG0v7R4XaT7S8IIyOXWfY5_zGSTzPjzsdA/getUpdates "HTTP/1.1 200 OK"
2025-10-06 19:55:33,249 - httpx - INFO - HTTP Request: POST https://api.telegram.org/bot8329685664:AAG0v7R4XaT7S8IIyOXWfY5_zGSTzPjzsdA/getUpdates "HTTP/1.1 200 OK"
2025-10-06 19:55:43,409 - httpx - INFO - HTTP Request: POST https://api.telegram.org/bot8329685664:AAG0v7R4XaT7S8IIyOXWfY5_zGSTzPjzsdA/getUpdates "HTTP/1.1 200 OK"
2025-10-06 19:55:53,567 - httpx - INFO - HTTP Request: POST https://api.telegram.org/bot8329685664:AAG0v7R4XaT7S8IIyOXWfY5_zGSTzPjzsdA/getUpdates "HTTP/1.1 200 OK"
2025-10-06 19:56:03,729 - httpx - INFO - HTTP Request: POST https://api.telegram.org/bot8329685664:AAG0v7R4XaT7S8IIyOXWfY5_zGSTzPjzsdA/getUpdates "HTTP/1.1 200 OK"
2025-10-06 19:56:13,887 - httpx - INFO - HTTP Request: POST https://api.telegram.org/bot8329685664:AAG0v7R4XaT7S8IIyOXWfY5_zGSTzPjzsdA/getUpdates "HTTP/1.1 200 OK"
2025-10-06 19:56:24,045 - httpx - INFO - HTTP Request: POST https://api.telegram.org/bot8329685664:AAG0v7R4XaT7S8IIyOXWfY5_zGSTzPjzsdA/getUpdates "HTTP/1.1 200 OK"
2025-10-06 19:56:34,204 - httpx - INFO - HTTP Request: POST https://api.telegram.org/bot8329685664:AAG0v7R4XaT7S8IIyOXWfY5_zGSTzPjzsdA/getUpdates "HTTP/1.1 200 OK"
2025-10-06 19:56:44,381 - httpx - INFO - HTTP Request: POST https://api.telegram.org/bot8329685664:AAG0v7R4XaT7S8IIyOXWfY5_zGSTzPjzsdA/getUpdates "HTTP/1.1 200 OK"
2025-10-06 19:56:54,540 - httpx - INFO - HTTP Request: POST https://api.telegram.org/bot8329685664:AAG0v7R4XaT7S8IIyOXWfY5_zGSTzPjzsdA/getUpdates "HTTP/1.1 200 OK"
2025-10-06 19:57:04,700 - httpx - INFO - HTTP Request: POST https://api.telegram.org/bot8329685664:AAG0v7R4XaT7S8IIyOXWfY5_zGSTzPjzsdA/getUpdates "HTTP/1.1 200 OK"
2025-10-06 19:57:14,859 - httpx - INFO - HTTP Request: POST https://api.telegram.org/bot8329685664:AAG0v7R4XaT7S8IIyOXWfY5_zGSTzPjzsdA/getUpdates "HTTP/1.1 200 OK"
2025-10-06 19:57:25,018 - httpx - INFO - HTTP Request: POST https://api.telegram.org/bot8329685664:AAG0v7R4XaT7S8IIyOXWfY5_zGSTzPjzsdA/getUpdates "HTTP/1.1 200 OK"
2025-10-06 19:57:35,175 - httpx - INFO - HTTP Request: POST https://api.telegram.org/bot8329685664:AAG0v7R4XaT7S8IIyOXWfY5_zGSTzPjzsdA/getUpdates "HTTP/1.1 200 OK"
2025-10-06 19:57:45,334 - httpx - INFO - HTTP Request: POST https://api.telegram.org/bot8329685664:AAG0v7R4XaT7S8IIyOXWfY5_zGSTzPjzsdA/getUpdates "HTTP/1.1 200 OK"
2025-10-06 19:57:55,494 - httpx - INFO - HTTP Request: POST https://api.telegram.org/bot8329685664:AAG0v7R4XaT7S8IIyOXWfY5_zGSTzPjzsdA/getUpdates "HTTP/1.1 200 OK"
2025-10-06 19:58:05,651 - httpx - INFO - HTTP Request: POST https://api.telegram.org/bot8329685664:AAG0v7R4XaT7S8IIyOXWfY5_zGSTzPjzsdA/getUpdates "HTTP/1.1 200 OK"
2025-10-06 19:58:15,810 - httpx - INFO - HTTP Request: POST https://api.telegram.org/bot8329685664:AAG0v7R4XaT7S8IIyOXWfY5_zGSTzPjzsdA/getUpdates "HTTP/1.1 200 OK"
2025-10-06 19:58:25,970 - httpx - INFO - HTTP Request: POST https://api.telegram.org/bot8329685664:AAG0v7R4XaT7S8IIyOXWfY5_zGSTzPjzsdA/getUpdates "HTTP/1.1 200 OK"
2025-10-06 19:58:36,133 - httpx - INFO - HTTP Request: POST https://api.telegram.org/bot8329685664:AAG0v7R4XaT7S8IIyOXWfY5_zGSTzPjzsdA/getUpdates "HTTP/1.1 200 OK"
2025-10-06 19:58:46,295 - httpx - INFO - HTTP Request: POST https://api.telegram.org/bot8329685664:AAG0v7R4XaT7S8IIyOXWfY5_zGSTzPjzsdA/getUpdates "HTTP/1.1 200 OK"
2025-10-06 19:58:56,461 - httpx - INFO - HTTP Request: POST https://api.telegram.org/bot8329685664:AAG0v7R4XaT7S8IIyOXWfY5_zGSTzPjzsdA/getUpdates "HTTP/1.1 200 OK"
2025-10-06 19:59:06,724 - httpx - INFO - HTTP Request: POST https://api.telegram.org/bot8329685664:AAG0v7R4XaT7S8IIyOXWfY5_zGSTzPjzsdA/getUpdates "HTTP/1.1 200 OK"
2025-10-06 19:59:17,043 - httpx - INFO - HTTP Request: POST https://api.telegram.org/bot8329685664:AAG0v7R4XaT7S8IIyOXWfY5_zGSTzPjzsdA/getUpdates "HTTP/1.1 200 OK"
2025-10-06 19:59:27,206 - httpx - INFO - HTTP Request: POST https://api.telegram.org/bot8329685664:AAG0v7R4XaT7S8IIyOXWfY5_zGSTzPjzsdA/getUpdates "HTTP/1.1 200 OK"
2025-10-06 19:59:37,366 - httpx - INFO - HTTP Request: POST https://api.telegram.org/bot8329685664:AAG0v7R4XaT7S8IIyOXWfY5_zGSTzPjzsdA/getUpdates "HTTP/1.1 200 OK"
2025-10-06 19:59:47,523 - httpx - INFO - HTTP Request: POST https://api.telegram.org/bot8329685664:AAG0v7R4XaT7S8IIyOXWfY5_zGSTzPjzsdA/getUpdates "HTTP/1.1 200 OK"
2025-10-06 19:59:57,682 - httpx - INFO - HTTP Request: POST https://api.telegram.org/bot8329685664:AAG0v7R4XaT7S8IIyOXWfY5_zGSTzPjzsdA/getUpdates "HTTP/1.1 200 OK"
2025-10-06 20:00:07,843 - httpx - INFO - HTTP Request: POST https://api.telegram.org/bot8329685664:AAG0v7R4XaT7S8IIyOXWfY5_zGSTzPjzsdA/getUpdates "HTTP/1.1 200 OK"
2025-10-06 20:00:18,002 - httpx - INFO - HTTP Request: POST https://api.telegram.org/bot8329685664:AAG0v7R4XaT7S8IIyOXWfY5_zGSTzPjzsdA/getUpdates "HTTP/1.1 200 OK"
2025-10-06 20:00:28,162 - httpx - INFO - HTTP Request: POST https://api.telegram.org/bot8329685664:AAG0v7R4XaT7S8IIyOXWfY5_zGSTzPjzsdA/getUpdates "HTTP/1.1 200 OK"
2025-10-06 20:00:38,319 - httpx - INFO - HTTP Request: POST https://api.telegram.org/bot8329685664:AAG0v7R4XaT7S8IIyOXWfY5_zGSTzPjzsdA/getUpdates "HTTP/1.1 200 OK"
2025-10-06 20:00:48,480 - httpx - INFO - HTTP Request: POST https://api.telegram.org/bot8329685664:AAG0v7R4XaT7S8IIyOXWfY5_zGSTzPjzsdA/getUpdates "HTTP/1.1 200 OK"
2025-10-06 20:00:58,965 - httpx - INFO - HTTP Request: POST https://api.telegram.org/bot8329685664:AAG0v7R4XaT7S8IIyOXWfY5_zGSTzPjzsdA/getUpdates "HTTP/1.1 200 OK"
2025-10-06 20:01:09,120 - httpx - INFO - HTTP Request: POST https://api.telegram.org/bot8329685664:AAG0v7R4XaT7S8IIyOXWfY5_zGSTzPjzsdA/getUpdates "HTTP/1.1 200 OK"
2025-10-06 20:01:19,277 - httpx - INFO - HTTP Request: POST https://api.telegram.org/bot8329685664:AAG0v7R4XaT7S8IIyOXWfY5_zGSTzPjzsdA/getUpdates "HTTP/1.1 200 OK"
2025-10-06 20:01:29,432 - httpx - INFO - HTTP Request: POST https://api.telegram.org/bot8329685664:AAG0v7R4XaT7S8IIyOXWfY5_zGSTzPjzsdA/getUpdates "HTTP/1.1 200 OK"
2025-10-06 20:01:39,586 - httpx - INFO - HTTP Request: POST https://api.telegram.org/bot8329685664:AAG0v7R4XaT7S8IIyOXWfY5_zGSTzPjzsdA/getUpdates "HTTP/1.1 200 OK"
2025-10-06 20:01:49,743 - httpx - INFO - HTTP Request: POST https://api.telegram.org/bot8329685664:AAG0v7R4XaT7S8IIyOXWfY5_zGSTzPjzsdA/getUpdates "HTTP/1.1 200 OK"
2025-10-06 20:01:59,898 - httpx - INFO - HTTP Request: POST https://api.telegram.org/bot8329685664:AAG0v7R4XaT7S8IIyOXWfY5_zGSTzPjzsdA/getUpdates "HTTP/1.1 200 OK"
2025-10-06 20:02:10,051 - httpx - INFO - HTTP Request: POST https://api.telegram.org/bot8329685664:AAG0v7R4XaT7S8IIyOXWfY5_zGSTzPjzsdA/getUpdates "HTTP/1.1 200 OK"
2025-10-06 20:02:20,206 - httpx - INFO - HTTP Request: POST https://api.telegram.org/bot8329685664:AAG0v7R4XaT7S8IIyOXWfY5_zGSTzPjzsdA/getUpdates "HTTP/1.1 200 OK"
2025-10-06 20:02:30,361 - httpx - INFO - HTTP Request: POST https://api.telegram.org/bot8329685664:AAG0v7R4XaT7S8IIyOXWfY5_zGSTzPjzsdA/getUpdates "HTTP/1.1 200 OK"
2025-10-06 20:02:40,514 - httpx - INFO - HTTP Request: POST https://api.telegram.org/bot8329685664:AAG0v7R4XaT7S8IIyOXWfY5_zGSTzPjzsdA/getUpdates "HTTP/1.1 200 OK"
2025-10-06 20:02:50,673 - httpx - INFO - HTTP Request: POST https://api.telegram.org/bot8329685664:AAG0v7R4XaT7S8IIyOXWfY5_zGSTzPjzsdA/getUpdates "HTTP/1.1 200 OK"
2025-10-06 20:03:00,830 - httpx - INFO - HTTP Request: POST https://api.telegram.org/bot8329685664:AAG0v7R4XaT7S8IIyOXWfY5_zGSTzPjzsdA/getUpdates "HTTP/1.1 200 OK"
2025-10-06 20:03:10,987 - httpx - INFO - HTTP Request: POST https://api.telegram.org/bot8329685664:AAG0v7R4XaT7S8IIyOXWfY5_zGSTzPjzsdA/getUpdates "HTTP/1.1 200 OK"
2025-10-06 20:03:21,142 - httpx - INFO - HTTP Request: POST https://api.telegram.org/bot8329685664:AAG0v7R4XaT7S8IIyOXWfY5_zGSTzPjzsdA/getUpdates "HTTP/1.1 200 OK"
2025-10-06 20:03:31,297 - httpx - INFO - HTTP Request: POST https://api.telegram.org/bot8329685664:AAG0v7R4XaT7S8IIyOXWfY5_zGSTzPjzsdA/getUpdates "HTTP/1.1 200 OK"
2025-10-06 20:03:41,450 - httpx - INFO - HTTP Request: POST https://api.telegram.org/bot8329685664:AAG0v7R4XaT7S8IIyOXWfY5_zGSTzPjzsdA/getUpdates "HTTP/1.1 200 OK"
2025-10-06 20:03:51,606 - httpx - INFO - HTTP Request: POST https://api.telegram.org/bot8329685664:AAG0v7R4XaT7S8IIyOXWfY5_zGSTzPjzsdA/getUpdates "HTTP/1.1 200 OK"
2025-10-06 20:04:01,761 - httpx - INFO - HTTP Request: POST https://api.telegram.org/bot8329685664:AAG0v7R4XaT7S8IIyOXWfY5_zGSTzPjzsdA/getUpdates "HTTP/1.1 200 OK"
2025-10-06 20:04:11,917 - httpx - INFO - HTTP Request: POST https://api.telegram.org/bot8329685664:AAG0v7R4XaT7S8IIyOXWfY5_zGSTzPjzsdA/getUpdates "HTTP/1.1 200 OK"
2025-10-06 20:04:22,075 - httpx - INFO - HTTP Request: POST https://api.telegram.org/bot8329685664:AAG0v7R4XaT7S8IIyOXWfY5_zGSTzPjzsdA/getUpdates "HTTP/1.1 200 OK"
2025-10-06 20:04:32,230 - httpx - INFO - HTTP Request: POST https://api.telegram.org/bot8329685664:AAG0v7R4XaT7S8IIyOXWfY5_zGSTzPjzsdA/getUpdates "HTTP/1.1 200 OK"
2025-10-06 20:04:42,385 - httpx - INFO - HTTP Request: POST https://api.telegram.org/bot8329685664:AAG0v7R4XaT7S8IIyOXWfY5_zGSTzPjzsdA/getUpdates "HTTP/1.1 200 OK"
2025-10-06 20:04:52,541 - httpx - INFO - HTTP Request: POST https://api.telegram.org/bot8329685664:AAG0v7R4XaT7S8IIyOXWfY5_zGSTzPjzsdA/getUpdates "HTTP/1.1 200 OK"
2025-10-06 20:05:02,696 - httpx - INFO - HTTP Request: POST https://api.telegram.org/bot8329685664:AAG0v7R4XaT7S8IIyOXWfY5_zGSTzPjzsdA/getUpdates "HTTP/1.1 200 OK"
2025-10-06 20:05:12,854 - httpx - INFO - HTTP Request: POST https://api.telegram.org/bot8329685664:AAG0v7R4XaT7S8IIyOXWfY5_zGSTzPjzsdA/getUpdates "HTTP/1.1 200 OK"
2025-10-06 20:05:23,008 - httpx - INFO - HTTP Request: POST https://api.telegram.org/bot8329685664:AAG0v7R4XaT7S8IIyOXWfY5_zGSTzPjzsdA/getUpdates "HTTP/1.1 200 OK"
2025-10-06 20:05:33,162 - httpx - INFO - HTTP Request: POST https://api.telegram.org/bot8329685664:AAG0v7R4XaT7S8IIyOXWfY5_zGSTzPjzsdA/getUpdates "HTTP/1.1 200 OK"
2025-10-06 20:05:43,317 - httpx - INFO - HTTP Request: POST https://api.telegram.org/bot8329685664:AAG0v7R4XaT7S8IIyOXWfY5_zGSTzPjzsdA/getUpdates "HTTP/1.1 200 OK"
2025-10-06 20:05:53,472 - httpx - INFO - HTTP Request: POST https://api.telegram.org/bot8329685664:AAG0v7R4XaT7S8IIyOXWfY5_zGSTzPjzsdA/getUpdates "HTTP/1.1 200 OK"
2025-10-06 20:06:03,627 - httpx - INFO - HTTP Request: POST https://api.telegram.org/bot8329685664:AAG0v7R4XaT7S8IIyOXWfY5_zGSTzPjzsdA/getUpdates "HTTP/1.1 200 OK"
2025-10-06 20:06:13,781 - httpx - INFO - HTTP Request: POST https://api.telegram.org/bot8329685664:AAG0v7R4XaT7S8IIyOXWfY5_zGSTzPjzsdA/getUpdates "HTTP/1.1 200 OK"
2025-10-06 20:06:23,936 - httpx - INFO - HTTP Request: POST https://api.telegram.org/bot8329685664:AAG0v7R4XaT7S8IIyOXWfY5_zGSTzPjzsdA/getUpdates "HTTP/1.1 200 OK"
2025-10-06 20:06:34,116 - httpx - INFO - HTTP Request: POST https://api.telegram.org/bot8329685664:AAG0v7R4XaT7S8IIyOXWfY5_zGSTzPjzsdA/getUpdates "HTTP/1.1 200 OK"
2025-10-06 20:06:44,287 - httpx - INFO - HTTP Request: POST https://api.telegram.org/bot8329685664:AAG0v7R4XaT7S8IIyOXWfY5_zGSTzPjzsdA/getUpdates "HTTP/1.1 200 OK"
2025-10-06 20:06:54,448 - httpx - INFO - HTTP Request: POST https://api.telegram.org/bot8329685664:AAG0v7R4XaT7S8IIyOXWfY5_zGSTzPjzsdA/getUpdates "HTTP/1.1 200 OK"
2025-10-06 20:07:04,606 - httpx - INFO - HTTP Request: POST https://api.telegram.org/bot8329685664:AAG0v7R4XaT7S8IIyOXWfY5_zGSTzPjzsdA/getUpdates "HTTP/1.1 200 OK"
2025-10-06 20:07:14,767 - httpx - INFO - HTTP Request: POST https://api.telegram.org/bot8329685664:AAG0v7R4XaT7S8IIyOXWfY5_zGSTzPjzsdA/getUpdates "HTTP/1.1 200 OK"
2025-10-06 20:07:24,921 - httpx - INFO - HTTP Request: POST https://api.telegram.org/bot8329685664:AAG0v7R4XaT7S8IIyOXWfY5_zGSTzPjzsdA/getUpdates "HTTP/1.1 200 OK"
2025-10-06 20:07:35,078 - httpx - INFO - HTTP Request: POST https://api.telegram.org/bot8329685664:AAG0v7R4XaT7S8IIyOXWfY5_zGSTzPjzsdA/getUpdates "HTTP/1.1 200 OK"
2025-10-06 20:07:45,233 - httpx - INFO - HTTP Request: POST https://api.telegram.org/bot8329685664:AAG0v7R4XaT7S8IIyOXWfY5_zGSTzPjzsdA/getUpdates "HTTP/1.1 200 OK"
2025-10-06 20:07:55,388 - httpx - INFO - HTTP Request: POST https://api.telegram.org/bot8329685664:AAG0v7R4XaT7S8IIyOXWfY5_zGSTzPjzsdA/getUpdates "HTTP/1.1 200 OK"
2025-10-06 20:08:05,543 - httpx - INFO - HTTP Request: POST https://api.telegram.org/bot8329685664:AAG0v7R4XaT7S8IIyOXWfY5_zGSTzPjzsdA/getUpdates "HTTP/1.1 200 OK"
2025-10-06 20:08:15,698 - httpx - INFO - HTTP Request: POST https://api.telegram.org/bot8329685664:AAG0v7R4XaT7S8IIyOXWfY5_zGSTzPjzsdA/getUpdates "HTTP/1.1 200 OK"
2025-10-06 20:08:25,853 - httpx - INFO - HTTP Request: POST https://api.telegram.org/bot8329685664:AAG0v7R4XaT7S8IIyOXWfY5_zGSTzPjzsdA/getUpdates "HTTP/1.1 200 OK"
2025-10-06 20:08:36,008 - httpx - INFO - HTTP Request: POST https://api.telegram.org/bot8329685664:AAG0v7R4XaT7S8IIyOXWfY5_zGSTzPjzsdA/getUpdates "HTTP/1.1 200 OK"
2025-10-06 20:08:46,162 - httpx - INFO - HTTP Request: POST https://api.telegram.org/bot8329685664:AAG0v7R4XaT7S8IIyOXWfY5_zGSTzPjzsdA/getUpdates "HTTP/1.1 200 OK"
2025-10-06 20:08:51,176 - httpx - INFO - HTTP Request: POST https://api.telegram.org/bot8329685664:AAG0v7R4XaT7S8IIyOXWfY5_zGSTzPjzsdA/getUpdates "HTTP/1.1 200 OK"
2025-10-06 20:08:51,858 - httpx - INFO - HTTP Request: POST https://api.telegram.org/bot8329685664:AAG0v7R4XaT7S8IIyOXWfY5_zGSTzPjzsdA/sendMessage "HTTP/1.1 200 OK"
2025-10-06 20:08:59,409 - httpx - INFO - HTTP Request: POST https://api.telegram.org/bot8329685664:AAG0v7R4XaT7S8IIyOXWfY5_zGSTzPjzsdA/getUpdates "HTTP/1.1 200 OK"
2025-10-06 20:09:00,025 - httpx - INFO - HTTP Request: POST https://api.telegram.org/bot8329685664:AAG0v7R4XaT7S8IIyOXWfY5_zGSTzPjzsdA/sendMessage "HTTP/1.1 200 OK"
2025-10-06 20:09:05,137 - httpx - INFO - HTTP Request: POST https://api.telegram.org/bot8329685664:AAG0v7R4XaT7S8IIyOXWfY5_zGSTzPjzsdA/getUpdates "HTTP/1.1 200 OK"
2025-10-06 20:09:05,753 - httpx - INFO - HTTP Request: POST https://api.telegram.org/bot8329685664:AAG0v7R4XaT7S8IIyOXWfY5_zGSTzPjzsdA/sendMessage "HTTP/1.1 200 OK"
2025-10-06 20:09:08,146 - httpx - INFO - HTTP Request: POST https://api.telegram.org/bot8329685664:AAG0v7R4XaT7S8IIyOXWfY5_zGSTzPjzsdA/getUpdates "HTTP/1.1 200 OK"
2025-10-06 20:09:08,424 - httpx - INFO - HTTP Request: POST https://api.telegram.org/bot8329685664:AAG0v7R4XaT7S8IIyOXWfY5_zGSTzPjzsdA/sendMessage "HTTP/1.1 200 OK"
2025-10-06 20:09:12,891 - httpx - INFO - HTTP Request: POST https://api.telegram.org/bot8329685664:AAG0v7R4XaT7S8IIyOXWfY5_zGSTzPjzsdA/getUpdates "HTTP/1.1 200 OK"
2025-10-06 20:09:13,176 - httpx - INFO - HTTP Request: POST https://api.telegram.org/bot8329685664:AAG0v7R4XaT7S8IIyOXWfY5_zGSTzPjzsdA/sendMessage "HTTP/1.1 200 OK"
2025-10-06 20:09:17,291 - httpx - INFO - HTTP Request: POST https://api.telegram.org/bot8329685664:AAG0v7R4XaT7S8IIyOXWfY5_zGSTzPjzsdA/getUpdates "HTTP/1.1 200 OK"
2025-10-06 20:09:17,575 - httpx - INFO - HTTP Request: POST https://api.telegram.org/bot8329685664:AAG0v7R4XaT7S8IIyOXWfY5_zGSTzPjzsdA/sendMessage "HTTP/1.1 200 OK"
2025-10-06 20:09:17,576 - KFCBot - INFO - CONNECTION - User: telegram_user, Local: KFC004, Fecha: 20251006, ConnectionID: 6058841c-ae18-4eba-8796-fcb7a303f768, Status: attempt
2025-10-06 20:09:18,519 - KFCBot - INFO - CONNECTION - User: telegram_user, Local: KFC004, Fecha: 20251006, ConnectionID: 6058841c-ae18-4eba-8796-fcb7a303f768, Status: success
2025-10-06 20:09:18,519 - KFCBot - INFO - QUERY - User: telegram_user, Local: KFC004, Fecha: 20251006, Referencia: None, Autorizacion: None
2025-10-06 20:09:19,153 - httpx - INFO - HTTP Request: POST https://api.telegram.org/bot8329685664:AAG0v7R4XaT7S8IIyOXWfY5_zGSTzPjzsdA/sendMessage "HTTP/1.1 400 Bad Request"
2025-10-06 20:09:19,430 - httpx - INFO - HTTP Request: POST https://api.telegram.org/bot8329685664:AAG0v7R4XaT7S8IIyOXWfY5_zGSTzPjzsdA/sendMessage "HTTP/1.1 200 OK"
2025-10-06 20:09:27,454 - httpx - INFO - HTTP Request: POST https://api.telegram.org/bot8329685664:AAG0v7R4XaT7S8IIyOXWfY5_zGSTzPjzsdA/getUpdates "HTTP/1.1 200 OK"
2025-10-06 20:09:37,609 - httpx - INFO - HTTP Request: POST https://api.telegram.org/bot8329685664:AAG0v7R4XaT7S8IIyOXWfY5_zGSTzPjzsdA/getUpdates "HTTP/1.1 200 OK"
2025-10-06 20:09:47,767 - httpx - INFO - HTTP Request: POST https://api.telegram.org/bot8329685664:AAG0v7R4XaT7S8IIyOXWfY5_zGSTzPjzsdA/getUpdates "HTTP/1.1 200 OK"
2025-10-06 20:09:57,927 - httpx - INFO - HTTP Request: POST https://api.telegram.org/bot8329685664:AAG0v7R4XaT7S8IIyOXWfY5_zGSTzPjzsdA/getUpdates "HTTP/1.1 200 OK"
2025-10-06 20:10:08,082 - httpx - INFO - HTTP Request: POST https://api.telegram.org/bot8329685664:AAG0v7R4XaT7S8IIyOXWfY5_zGSTzPjzsdA/getUpdates "HTTP/1.1 200 OK"
2025-10-06 20:10:18,236 - httpx - INFO - HTTP Request: POST https://api.telegram.org/bot8329685664:AAG0v7R4XaT7S8IIyOXWfY5_zGSTzPjzsdA/getUpdates "HTTP/1.1 200 OK"
2025-10-06 20:10:28,399 - httpx - INFO - HTTP Request: POST https://api.telegram.org/bot8329685664:AAG0v7R4XaT7S8IIyOXWfY5_zGSTzPjzsdA/getUpdates "HTTP/1.1 200 OK"
2025-10-06 20:10:38,599 - httpx - INFO - HTTP Request: POST https://api.telegram.org/bot8329685664:AAG0v7R4XaT7S8IIyOXWfY5_zGSTzPjzsdA/getUpdates "HTTP/1.1 200 OK"
2025-10-06 20:10:48,757 - httpx - INFO - HTTP Request: POST https://api.telegram.org/bot8329685664:AAG0v7R4XaT7S8IIyOXWfY5_zGSTzPjzsdA/getUpdates "HTTP/1.1 200 OK"
2025-10-06 20:10:58,923 - httpx - INFO - HTTP Request: POST https://api.telegram.org/bot8329685664:AAG0v7R4XaT7S8IIyOXWfY5_zGSTzPjzsdA/getUpdates "HTTP/1.1 200 OK"
2025-10-06 20:11:09,077 - httpx - INFO - HTTP Request: POST https://api.telegram.org/bot8329685664:AAG0v7R4XaT7S8IIyOXWfY5_zGSTzPjzsdA/getUpdates "HTTP/1.1 200 OK"
2025-10-06 20:11:19,234 - httpx - INFO - HTTP Request: POST https://api.telegram.org/bot8329685664:AAG0v7R4XaT7S8IIyOXWfY5_zGSTzPjzsdA/getUpdates "HTTP/1.1 200 OK"
2025-10-06 20:11:29,389 - httpx - INFO - HTTP Request: POST https://api.telegram.org/bot8329685664:AAG0v7R4XaT7S8IIyOXWfY5_zGSTzPjzsdA/getUpdates "HTTP/1.1 200 OK"
2025-10-06 20:11:39,544 - httpx - INFO - HTTP Request: POST https://api.telegram.org/bot8329685664:AAG0v7R4XaT7S8IIyOXWfY5_zGSTzPjzsdA/getUpdates "HTTP/1.1 200 OK"
2025-10-06 20:11:49,702 - httpx - INFO - HTTP Request: POST https://api.telegram.org/bot8329685664:AAG0v7R4XaT7S8IIyOXWfY5_zGSTzPjzsdA/getUpdates "HTTP/1.1 200 OK"
2025-10-06 20:11:59,858 - httpx - INFO - HTTP Request: POST https://api.telegram.org/bot8329685664:AAG0v7R4XaT7S8IIyOXWfY5_zGSTzPjzsdA/getUpdates "HTTP/1.1 200 OK"
2025-10-06 20:12:10,011 - httpx - INFO - HTTP Request: POST https://api.telegram.org/bot8329685664:AAG0v7R4XaT7S8IIyOXWfY5_zGSTzPjzsdA/getUpdates "HTTP/1.1 200 OK"
2025-10-06 20:12:20,170 - httpx - INFO - HTTP Request: POST https://api.telegram.org/bot8329685664:AAG0v7R4XaT7S8IIyOXWfY5_zGSTzPjzsdA/getUpdates "HTTP/1.1 200 OK"
2025-10-06 20:12:26,652 - httpx - INFO - HTTP Request: POST https://api.telegram.org/bot8329685664:AAG0v7R4XaT7S8IIyOXWfY5_zGSTzPjzsdA/getUpdates "HTTP/1.1 200 OK"
2025-10-06 20:12:26,653 - telegram.ext.Application - INFO - Application is stopping. This might take a moment.
2025-10-06 20:12:26,654 - apscheduler.scheduler - INFO - Scheduler has been shut down
2025-10-06 20:12:26,654 - telegram.ext.Application - INFO - Application.stop() complete
2025-10-06 20:14:00,750 - KFCBot - INFO - Iniciando bot de KFC...
2025-10-06 20:14:01,268 - httpx - INFO - HTTP Request: POST https://api.telegram.org/bot8329685664:AAG0v7R4XaT7S8IIyOXWfY5_zGSTzPjzsdA/getMe "HTTP/1.1 200 OK"
2025-10-06 20:14:01,422 - httpx - INFO - HTTP Request: POST https://api.telegram.org/bot8329685664:AAG0v7R4XaT7S8IIyOXWfY5_zGSTzPjzsdA/deleteWebhook "HTTP/1.1 200 OK"
2025-10-06 20:14:01,425 - apscheduler.scheduler - INFO - Scheduler started
2025-10-06 20:14:01,425 - telegram.ext.Application - INFO - Application started
2025-10-06 20:14:11,900 - httpx - INFO - HTTP Request: POST https://api.telegram.org/bot8329685664:AAG0v7R4XaT7S8IIyOXWfY5_zGSTzPjzsdA/getUpdates "HTTP/1.1 200 OK"
2025-10-06 20:14:12,499 - httpx - INFO - HTTP Request: POST https://api.telegram.org/bot8329685664:AAG0v7R4XaT7S8IIyOXWfY5_zGSTzPjzsdA/getUpdates "HTTP/1.1 200 OK"
2025-10-06 20:14:13,108 - httpx - INFO - HTTP Request: POST https://api.telegram.org/bot8329685664:AAG0v7R4XaT7S8IIyOXWfY5_zGSTzPjzsdA/sendMessage "HTTP/1.1 200 OK"
2025-10-06 20:14:21,331 - httpx - INFO - HTTP Request: POST https://api.telegram.org/bot8329685664:AAG0v7R4XaT7S8IIyOXWfY5_zGSTzPjzsdA/getUpdates "HTTP/1.1 200 OK"
2025-10-06 20:14:21,919 - httpx - INFO - HTTP Request: POST https://api.telegram.org/bot8329685664:AAG0v7R4XaT7S8IIyOXWfY5_zGSTzPjzsdA/sendMessage "HTTP/1.1 200 OK"
2025-10-06 20:14:31,493 - httpx - INFO - HTTP Request: POST https://api.telegram.org/bot8329685664:AAG0v7R4XaT7S8IIyOXWfY5_zGSTzPjzsdA/getUpdates "HTTP/1.1 200 OK"
2025-10-06 20:14:32,028 - httpx - INFO - HTTP Request: POST https://api.telegram.org/bot8329685664:AAG0v7R4XaT7S8IIyOXWfY5_zGSTzPjzsdA/getUpdates "HTTP/1.1 200 OK"
2025-10-06 20:14:32,651 - httpx - INFO - HTTP Request: POST https://api.telegram.org/bot8329685664:AAG0v7R4XaT7S8IIyOXWfY5_zGSTzPjzsdA/sendMessage "HTTP/1.1 200 OK"
2025-10-06 20:14:42,196 - httpx - INFO - HTTP Request: POST https://api.telegram.org/bot8329685664:AAG0v7R4XaT7S8IIyOXWfY5_zGSTzPjzsdA/getUpdates "HTTP/1.1 200 OK"
2025-10-06 20:14:52,361 - httpx - INFO - HTTP Request: POST https://api.telegram.org/bot8329685664:AAG0v7R4XaT7S8IIyOXWfY5_zGSTzPjzsdA/getUpdates "HTTP/1.1 200 OK"
2025-10-06 20:15:02,542 - httpx - INFO - HTTP Request: POST https://api.telegram.org/bot8329685664:AAG0v7R4XaT7S8IIyOXWfY5_zGSTzPjzsdA/getUpdates "HTTP/1.1 200 OK"
2025-10-06 20:15:12,703 - httpx - INFO - HTTP Request: POST https://api.telegram.org/bot8329685664:AAG0v7R4XaT7S8IIyOXWfY5_zGSTzPjzsdA/getUpdates "HTTP/1.1 200 OK"
2025-10-06 20:15:22,877 - httpx - INFO - HTTP Request: POST https://api.telegram.org/bot8329685664:AAG0v7R4XaT7S8IIyOXWfY5_zGSTzPjzsdA/getUpdates "HTTP/1.1 200 OK"
2025-10-06 20:15:33,043 - httpx - INFO - HTTP Request: POST https://api.telegram.org/bot8329685664:AAG0v7R4XaT7S8IIyOXWfY5_zGSTzPjzsdA/getUpdates "HTTP/1.1 200 OK"
2025-10-06 20:15:43,232 - httpx - INFO - HTTP Request: POST https://api.telegram.org/bot8329685664:AAG0v7R4XaT7S8IIyOXWfY5_zGSTzPjzsdA/getUpdates "HTTP/1.1 200 OK"
2025-10-06 20:15:53,393 - httpx - INFO - HTTP Request: POST https://api.telegram.org/bot8329685664:AAG0v7R4XaT7S8IIyOXWfY5_zGSTzPjzsdA/getUpdates "HTTP/1.1 200 OK"
2025-10-06 20:16:03,578 - httpx - INFO - HTTP Request: POST https://api.telegram.org/bot8329685664:AAG0v7R4XaT7S8IIyOXWfY5_zGSTzPjzsdA/getUpdates "HTTP/1.1 200 OK"
2025-10-06 20:16:13,738 - httpx - INFO - HTTP Request: POST https://api.telegram.org/bot8329685664:AAG0v7R4XaT7S8IIyOXWfY5_zGSTzPjzsdA/getUpdates "HTTP/1.1 200 OK"
2025-10-06 20:16:23,907 - httpx - INFO - HTTP Request: POST https://api.telegram.org/bot8329685664:AAG0v7R4XaT7S8IIyOXWfY5_zGSTzPjzsdA/getUpdates "HTTP/1.1 200 OK"
2025-10-06 20:16:34,064 - httpx - INFO - HTTP Request: POST https://api.telegram.org/bot8329685664:AAG0v7R4XaT7S8IIyOXWfY5_zGSTzPjzsdA/getUpdates "HTTP/1.1 200 OK"
2025-10-06 20:16:44,227 - httpx - INFO - HTTP Request: POST https://api.telegram.org/bot8329685664:AAG0v7R4XaT7S8IIyOXWfY5_zGSTzPjzsdA/getUpdates "HTTP/1.1 200 OK"
2025-10-06 20:16:54,392 - httpx - INFO - HTTP Request: POST https://api.telegram.org/bot8329685664:AAG0v7R4XaT7S8IIyOXWfY5_zGSTzPjzsdA/getUpdates "HTTP/1.1 200 OK"
2025-10-06 20:17:04,552 - httpx - INFO - HTTP Request: POST https://api.telegram.org/bot8329685664:AAG0v7R4XaT7S8IIyOXWfY5_zGSTzPjzsdA/getUpdates "HTTP/1.1 200 OK"
2025-10-06 20:17:14,711 - httpx - INFO - HTTP Request: POST https://api.telegram.org/bot8329685664:AAG0v7R4XaT7S8IIyOXWfY5_zGSTzPjzsdA/getUpdates "HTTP/1.1 200 OK"
2025-10-06 20:17:24,871 - httpx - INFO - HTTP Request: POST https://api.telegram.org/bot8329685664:AAG0v7R4XaT7S8IIyOXWfY5_zGSTzPjzsdA/getUpdates "HTTP/1.1 200 OK"
2025-10-06 20:17:35,029 - httpx - INFO - HTTP Request: POST https://api.telegram.org/bot8329685664:AAG0v7R4XaT7S8IIyOXWfY5_zGSTzPjzsdA/getUpdates "HTTP/1.1 200 OK"
2025-10-06 20:17:45,186 - httpx - INFO - HTTP Request: POST https://api.telegram.org/bot8329685664:AAG0v7R4XaT7S8IIyOXWfY5_zGSTzPjzsdA/getUpdates "HTTP/1.1 200 OK"
2025-10-06 20:17:55,343 - httpx - INFO - HTTP Request: POST https://api.telegram.org/bot8329685664:AAG0v7R4XaT7S8IIyOXWfY5_zGSTzPjzsdA/getUpdates "HTTP/1.1 200 OK"
2025-10-06 20:18:05,501 - httpx - INFO - HTTP Request: POST https://api.telegram.org/bot8329685664:AAG0v7R4XaT7S8IIyOXWfY5_zGSTzPjzsdA/getUpdates "HTTP/1.1 200 OK"
2025-10-06 20:18:15,660 - httpx - INFO - HTTP Request: POST https://api.telegram.org/bot8329685664:AAG0v7R4XaT7S8IIyOXWfY5_zGSTzPjzsdA/getUpdates "HTTP/1.1 200 OK"
2025-10-06 20:18:25,819 - httpx - INFO - HTTP Request: POST https://api.telegram.org/bot8329685664:AAG0v7R4XaT7S8IIyOXWfY5_zGSTzPjzsdA/getUpdates "HTTP/1.1 200 OK"
2025-10-06 20:18:35,978 - httpx - INFO - HTTP Request: POST https://api.telegram.org/bot8329685664:AAG0v7R4XaT7S8IIyOXWfY5_zGSTzPjzsdA/getUpdates "HTTP/1.1 200 OK"
2025-10-06 20:18:46,140 - httpx - INFO - HTTP Request: POST https://api.telegram.org/bot8329685664:AAG0v7R4XaT7S8IIyOXWfY5_zGSTzPjzsdA/getUpdates "HTTP/1.1 200 OK"
2025-10-06 20:18:56,303 - httpx - INFO - HTTP Request: POST https://api.telegram.org/bot8329685664:AAG0v7R4XaT7S8IIyOXWfY5_zGSTzPjzsdA/getUpdates "HTTP/1.1 200 OK"
2025-10-06 20:19:06,464 - httpx - INFO - HTTP Request: POST https://api.telegram.org/bot8329685664:AAG0v7R4XaT7S8IIyOXWfY5_zGSTzPjzsdA/getUpdates "HTTP/1.1 200 OK"
2025-10-06 20:19:16,623 - httpx - INFO - HTTP Request: POST https://api.telegram.org/bot8329685664:AAG0v7R4XaT7S8IIyOXWfY5_zGSTzPjzsdA/getUpdates "HTTP/1.1 200 OK"
2025-10-06 20:19:26,783 - httpx - INFO - HTTP Request: POST https://api.telegram.org/bot8329685664:AAG0v7R4XaT7S8IIyOXWfY5_zGSTzPjzsdA/getUpdates "HTTP/1.1 200 OK"
2025-10-06 20:19:36,950 - httpx - INFO - HTTP Request: POST https://api.telegram.org/bot8329685664:AAG0v7R4XaT7S8IIyOXWfY5_zGSTzPjzsdA/getUpdates "HTTP/1.1 200 OK"
2025-10-06 20:19:47,109 - httpx - INFO - HTTP Request: POST https://api.telegram.org/bot8329685664:AAG0v7R4XaT7S8IIyOXWfY5_zGSTzPjzsdA/getUpdates "HTTP/1.1 200 OK"
2025-10-06 20:19:57,266 - httpx - INFO - HTTP Request: POST https://api.telegram.org/bot8329685664:AAG0v7R4XaT7S8IIyOXWfY5_zGSTzPjzsdA/getUpdates "HTTP/1.1 200 OK"
2025-10-06 20:20:07,429 - httpx - INFO - HTTP Request: POST https://api.telegram.org/bot8329685664:AAG0v7R4XaT7S8IIyOXWfY5_zGSTzPjzsdA/getUpdates "HTTP/1.1 200 OK"
2025-10-06 20:20:17,585 - httpx - INFO - HTTP Request: POST https://api.telegram.org/bot8329685664:AAG0v7R4XaT7S8IIyOXWfY5_zGSTzPjzsdA/getUpdates "HTTP/1.1 200 OK"
2025-10-06 20:20:27,742 - httpx - INFO - HTTP Request: POST https://api.telegram.org/bot8329685664:AAG0v7R4XaT7S8IIyOXWfY5_zGSTzPjzsdA/getUpdates "HTTP/1.1 200 OK"
2025-10-06 20:20:37,901 - httpx - INFO - HTTP Request: POST https://api.telegram.org/bot8329685664:AAG0v7R4XaT7S8IIyOXWfY5_zGSTzPjzsdA/getUpdates "HTTP/1.1 200 OK"
2025-10-06 20:20:48,061 - httpx - INFO - HTTP Request: POST https://api.telegram.org/bot8329685664:AAG0v7R4XaT7S8IIyOXWfY5_zGSTzPjzsdA/getUpdates "HTTP/1.1 200 OK"
2025-10-06 20:20:58,219 - httpx - INFO - HTTP Request: POST https://api.telegram.org/bot8329685664:AAG0v7R4XaT7S8IIyOXWfY5_zGSTzPjzsdA/getUpdates "HTTP/1.1 200 OK"
2025-10-06 20:21:08,379 - httpx - INFO - HTTP Request: POST https://api.telegram.org/bot8329685664:AAG0v7R4XaT7S8IIyOXWfY5_zGSTzPjzsdA/getUpdates "HTTP/1.1 200 OK"
2025-10-06 20:21:18,537 - httpx - INFO - HTTP Request: POST https://api.telegram.org/bot8329685664:AAG0v7R4XaT7S8IIyOXWfY5_zGSTzPjzsdA/getUpdates "HTTP/1.1 200 OK"
2025-10-06 20:21:28,697 - httpx - INFO - HTTP Request: POST https://api.telegram.org/bot8329685664:AAG0v7R4XaT7S8IIyOXWfY5_zGSTzPjzsdA/getUpdates "HTTP/1.1 200 OK"
2025-10-06 20:21:38,866 - httpx - INFO - HTTP Request: POST https://api.telegram.org/bot8329685664:AAG0v7R4XaT7S8IIyOXWfY5_zGSTzPjzsdA/getUpdates "HTTP/1.1 200 OK"
2025-10-06 20:21:49,031 - httpx - INFO - HTTP Request: POST https://api.telegram.org/bot8329685664:AAG0v7R4XaT7S8IIyOXWfY5_zGSTzPjzsdA/getUpdates "HTTP/1.1 200 OK"
2025-10-06 20:21:59,194 - httpx - INFO - HTTP Request: POST https://api.telegram.org/bot8329685664:AAG0v7R4XaT7S8IIyOXWfY5_zGSTzPjzsdA/getUpdates "HTTP/1.1 200 OK"
2025-10-06 20:22:09,353 - httpx - INFO - HTTP Request: POST https://api.telegram.org/bot8329685664:AAG0v7R4XaT7S8IIyOXWfY5_zGSTzPjzsdA/getUpdates "HTTP/1.1 200 OK"
2025-10-06 20:22:19,510 - httpx - INFO - HTTP Request: POST https://api.telegram.org/bot8329685664:AAG0v7R4XaT7S8IIyOXWfY5_zGSTzPjzsdA/getUpdates "HTTP/1.1 200 OK"
2025-10-06 20:22:29,675 - httpx - INFO - HTTP Request: POST https://api.telegram.org/bot8329685664:AAG0v7R4XaT7S8IIyOXWfY5_zGSTzPjzsdA/getUpdates "HTTP/1.1 200 OK"
2025-10-06 20:22:39,845 - httpx - INFO - HTTP Request: POST https://api.telegram.org/bot8329685664:AAG0v7R4XaT7S8IIyOXWfY5_zGSTzPjzsdA/getUpdates "HTTP/1.1 200 OK"
2025-10-06 20:22:50,003 - httpx - INFO - HTTP Request: POST https://api.telegram.org/bot8329685664:AAG0v7R4XaT7S8IIyOXWfY5_zGSTzPjzsdA/getUpdates "HTTP/1.1 200 OK"
2025-10-06 20:23:00,161 - httpx - INFO - HTTP Request: POST https://api.telegram.org/bot8329685664:AAG0v7R4XaT7S8IIyOXWfY5_zGSTzPjzsdA/getUpdates "HTTP/1.1 200 OK"
2025-10-06 20:23:10,323 - httpx - INFO - HTTP Request: POST https://api.telegram.org/bot8329685664:AAG0v7R4XaT7S8IIyOXWfY5_zGSTzPjzsdA/getUpdates "HTTP/1.1 200 OK"
2025-10-06 20:23:20,485 - httpx - INFO - HTTP Request: POST https://api.telegram.org/bot8329685664:AAG0v7R4XaT7S8IIyOXWfY5_zGSTzPjzsdA/getUpdates "HTTP/1.1 200 OK"
2025-10-06 20:23:30,641 - httpx - INFO - HTTP Request: POST https://api.telegram.org/bot8329685664:AAG0v7R4XaT7S8IIyOXWfY5_zGSTzPjzsdA/getUpdates "HTTP/1.1 200 OK"
2025-10-06 20:23:40,803 - httpx - INFO - HTTP Request: POST https://api.telegram.org/bot8329685664:AAG0v7R4XaT7S8IIyOXWfY5_zGSTzPjzsdA/getUpdates "HTTP/1.1 200 OK"
2025-10-06 20:23:50,960 - httpx - INFO - HTTP Request: POST https://api.telegram.org/bot8329685664:AAG0v7R4XaT7S8IIyOXWfY5_zGSTzPjzsdA/getUpdates "HTTP/1.1 200 OK"
2025-10-06 20:24:01,119 - httpx - INFO - HTTP Request: POST https://api.telegram.org/bot8329685664:AAG0v7R4XaT7S8IIyOXWfY5_zGSTzPjzsdA/getUpdates "HTTP/1.1 200 OK"
2025-10-06 20:24:11,279 - httpx - INFO - HTTP Request: POST https://api.telegram.org/bot8329685664:AAG0v7R4XaT7S8IIyOXWfY5_zGSTzPjzsdA/getUpdates "HTTP/1.1 200 OK"
2025-10-06 20:24:21,494 - httpx - INFO - HTTP Request: POST https://api.telegram.org/bot8329685664:AAG0v7R4XaT7S8IIyOXWfY5_zGSTzPjzsdA/getUpdates "HTTP/1.1 200 OK"
2025-10-06 20:24:31,653 - httpx - INFO - HTTP Request: POST https://api.telegram.org/bot8329685664:AAG0v7R4XaT7S8IIyOXWfY5_zGSTzPjzsdA/getUpdates "HTTP/1.1 200 OK"
2025-10-06 20:24:41,813 - httpx - INFO - HTTP Request: POST https://api.telegram.org/bot8329685664:AAG0v7R4XaT7S8IIyOXWfY5_zGSTzPjzsdA/getUpdates "HTTP/1.1 200 OK"
2025-10-06 20:24:51,971 - httpx - INFO - HTTP Request: POST https://api.telegram.org/bot8329685664:AAG0v7R4XaT7S8IIyOXWfY5_zGSTzPjzsdA/getUpdates "HTTP/1.1 200 OK"
2025-10-06 20:25:02,129 - httpx - INFO - HTTP Request: POST https://api.telegram.org/bot8329685664:AAG0v7R4XaT7S8IIyOXWfY5_zGSTzPjzsdA/getUpdates "HTTP/1.1 200 OK"
2025-10-06 20:25:12,286 - httpx - INFO - HTTP Request: POST https://api.telegram.org/bot8329685664:AAG0v7R4XaT7S8IIyOXWfY5_zGSTzPjzsdA/getUpdates "HTTP/1.1 200 OK"
2025-10-06 20:25:22,444 - httpx - INFO - HTTP Request: POST https://api.telegram.org/bot8329685664:AAG0v7R4XaT7S8IIyOXWfY5_zGSTzPjzsdA/getUpdates "HTTP/1.1 200 OK"
2025-10-06 20:25:32,603 - httpx - INFO - HTTP Request: POST https://api.telegram.org/bot8329685664:AAG0v7R4XaT7S8IIyOXWfY5_zGSTzPjzsdA/getUpdates "HTTP/1.1 200 OK"
2025-10-06 20:25:42,761 - httpx - INFO - HTTP Request: POST https://api.telegram.org/bot8329685664:AAG0v7R4XaT7S8IIyOXWfY5_zGSTzPjzsdA/getUpdates "HTTP/1.1 200 OK"
2025-10-06 20:25:52,919 - httpx - INFO - HTTP Request: POST https://api.telegram.org/bot8329685664:AAG0v7R4XaT7S8IIyOXWfY5_zGSTzPjzsdA/getUpdates "HTTP/1.1 200 OK"
2025-10-06 20:26:03,078 - httpx - INFO - HTTP Request: POST https://api.telegram.org/bot8329685664:AAG0v7R4XaT7S8IIyOXWfY5_zGSTzPjzsdA/getUpdates "HTTP/1.1 200 OK"
2025-10-06 20:26:13,238 - httpx - INFO - HTTP Request: POST https://api.telegram.org/bot8329685664:AAG0v7R4XaT7S8IIyOXWfY5_zGSTzPjzsdA/getUpdates "HTTP/1.1 200 OK"
2025-10-06 20:26:23,396 - httpx - INFO - HTTP Request: POST https://api.telegram.org/bot8329685664:AAG0v7R4XaT7S8IIyOXWfY5_zGSTzPjzsdA/getUpdates "HTTP/1.1 200 OK"
2025-10-06 20:26:33,557 - httpx - INFO - HTTP Request: POST https://api.telegram.org/bot8329685664:AAG0v7R4XaT7S8IIyOXWfY5_zGSTzPjzsdA/getUpdates "HTTP/1.1 200 OK"
2025-10-06 20:26:43,718 - httpx - INFO - HTTP Request: POST https://api.telegram.org/bot8329685664:AAG0v7R4XaT7S8IIyOXWfY5_zGSTzPjzsdA/getUpdates "HTTP/1.1 200 OK"
2025-10-06 20:26:53,876 - httpx - INFO - HTTP Request: POST https://api.telegram.org/bot8329685664:AAG0v7R4XaT7S8IIyOXWfY5_zGSTzPjzsdA/getUpdates "HTTP/1.1 200 OK"
2025-10-06 20:27:04,034 - httpx - INFO - HTTP Request: POST https://api.telegram.org/bot8329685664:AAG0v7R4XaT7S8IIyOXWfY5_zGSTzPjzsdA/getUpdates "HTTP/1.1 200 OK"
2025-10-06 20:27:14,214 - httpx - INFO - HTTP Request: POST https://api.telegram.org/bot8329685664:AAG0v7R4XaT7S8IIyOXWfY5_zGSTzPjzsdA/getUpdates "HTTP/1.1 200 OK"
2025-10-06 20:27:24,372 - httpx - INFO - HTTP Request: POST https://api.telegram.org/bot8329685664:AAG0v7R4XaT7S8IIyOXWfY5_zGSTzPjzsdA/getUpdates "HTTP/1.1 200 OK"
2025-10-06 20:27:34,538 - httpx - INFO - HTTP Request: POST https://api.telegram.org/bot8329685664:AAG0v7R4XaT7S8IIyOXWfY5_zGSTzPjzsdA/getUpdates "HTTP/1.1 200 OK"
2025-10-06 20:27:44,703 - httpx - INFO - HTTP Request: POST https://api.telegram.org/bot8329685664:AAG0v7R4XaT7S8IIyOXWfY5_zGSTzPjzsdA/getUpdates "HTTP/1.1 200 OK"
2025-10-06 20:27:54,860 - httpx - INFO - HTTP Request: POST https://api.telegram.org/bot8329685664:AAG0v7R4XaT7S8IIyOXWfY5_zGSTzPjzsdA/getUpdates "HTTP/1.1 200 OK"
2025-10-06 20:28:05,019 - httpx - INFO - HTTP Request: POST https://api.telegram.org/bot8329685664:AAG0v7R4XaT7S8IIyOXWfY5_zGSTzPjzsdA/getUpdates "HTTP/1.1 200 OK"
2025-10-06 20:28:15,189 - httpx - INFO - HTTP Request: POST https://api.telegram.org/bot8329685664:AAG0v7R4XaT7S8IIyOXWfY5_zGSTzPjzsdA/getUpdates "HTTP/1.1 200 OK"
2025-10-06 20:28:25,347 - httpx - INFO - HTTP Request: POST https://api.telegram.org/bot8329685664:AAG0v7R4XaT7S8IIyOXWfY5_zGSTzPjzsdA/getUpdates "HTTP/1.1 200 OK"
2025-10-06 20:28:35,505 - httpx - INFO - HTTP Request: POST https://api.telegram.org/bot8329685664:AAG0v7R4XaT7S8IIyOXWfY5_zGSTzPjzsdA/getUpdates "HTTP/1.1 200 OK"
2025-10-06 20:28:45,663 - httpx - INFO - HTTP Request: POST https://api.telegram.org/bot8329685664:AAG0v7R4XaT7S8IIyOXWfY5_zGSTzPjzsdA/getUpdates "HTTP/1.1 200 OK"
2025-10-06 20:28:55,824 - httpx - INFO - HTTP Request: POST https://api.telegram.org/bot8329685664:AAG0v7R4XaT7S8IIyOXWfY5_zGSTzPjzsdA/getUpdates "HTTP/1.1 200 OK"
2025-10-06 20:29:05,981 - httpx - INFO - HTTP Request: POST https://api.telegram.org/bot8329685664:AAG0v7R4XaT7S8IIyOXWfY5_zGSTzPjzsdA/getUpdates "HTTP/1.1 200 OK"
2025-10-06 20:29:16,144 - httpx - INFO - HTTP Request: POST https://api.telegram.org/bot8329685664:AAG0v7R4XaT7S8IIyOXWfY5_zGSTzPjzsdA/getUpdates "HTTP/1.1 200 OK"
2025-10-06 20:29:26,302 - httpx - INFO - HTTP Request: POST https://api.telegram.org/bot8329685664:AAG0v7R4XaT7S8IIyOXWfY5_zGSTzPjzsdA/getUpdates "HTTP/1.1 200 OK"
2025-10-06 20:29:36,470 - httpx - INFO - HTTP Request: POST https://api.telegram.org/bot8329685664:AAG0v7R4XaT7S8IIyOXWfY5_zGSTzPjzsdA/getUpdates "HTTP/1.1 200 OK"
2025-10-06 20:29:46,630 - httpx - INFO - HTTP Request: POST https://api.telegram.org/bot8329685664:AAG0v7R4XaT7S8IIyOXWfY5_zGSTzPjzsdA/getUpdates "HTTP/1.1 200 OK"
2025-10-06 20:29:56,788 - httpx - INFO - HTTP Request: POST https://api.telegram.org/bot8329685664:AAG0v7R4XaT7S8IIyOXWfY5_zGSTzPjzsdA/getUpdates "HTTP/1.1 200 OK"
2025-10-06 20:30:06,946 - httpx - INFO - HTTP Request: POST https://api.telegram.org/bot8329685664:AAG0v7R4XaT7S8IIyOXWfY5_zGSTzPjzsdA/getUpdates "HTTP/1.1 200 OK"
2025-10-06 20:30:17,210 - httpx - INFO - HTTP Request: POST https://api.telegram.org/bot8329685664:AAG0v7R4XaT7S8IIyOXWfY5_zGSTzPjzsdA/getUpdates "HTTP/1.1 200 OK"
2025-10-06 20:30:27,368 - httpx - INFO - HTTP Request: POST https://api.telegram.org/bot8329685664:AAG0v7R4XaT7S8IIyOXWfY5_zGSTzPjzsdA/getUpdates "HTTP/1.1 200 OK"
2025-10-06 20:30:37,535 - httpx - INFO - HTTP Request: POST https://api.telegram.org/bot8329685664:AAG0v7R4XaT7S8IIyOXWfY5_zGSTzPjzsdA/getUpdates "HTTP/1.1 200 OK"
2025-10-06 20:30:48,014 - httpx - INFO - HTTP Request: POST https://api.telegram.org/bot8329685664:AAG0v7R4XaT7S8IIyOXWfY5_zGSTzPjzsdA/getUpdates "HTTP/1.1 200 OK"
2025-10-06 20:30:58,172 - httpx - INFO - HTTP Request: POST https://api.telegram.org/bot8329685664:AAG0v7R4XaT7S8IIyOXWfY5_zGSTzPjzsdA/getUpdates "HTTP/1.1 200 OK"
2025-10-06 20:31:08,328 - httpx - INFO - HTTP Request: POST https://api.telegram.org/bot8329685664:AAG0v7R4XaT7S8IIyOXWfY5_zGSTzPjzsdA/getUpdates "HTTP/1.1 200 OK"
2025-10-06 20:31:18,483 - httpx - INFO - HTTP Request: POST https://api.telegram.org/bot8329685664:AAG0v7R4XaT7S8IIyOXWfY5_zGSTzPjzsdA/getUpdates "HTTP/1.1 200 OK"
2025-10-06 20:31:28,638 - httpx - INFO - HTTP Request: POST https://api.telegram.org/bot8329685664:AAG0v7R4XaT7S8IIyOXWfY5_zGSTzPjzsdA/getUpdates "HTTP/1.1 200 OK"
2025-10-06 20:31:38,804 - httpx - INFO - HTTP Request: POST https://api.telegram.org/bot8329685664:AAG0v7R4XaT7S8IIyOXWfY5_zGSTzPjzsdA/getUpdates "HTTP/1.1 200 OK"
2025-10-06 20:31:48,959 - httpx - INFO - HTTP Request: POST https://api.telegram.org/bot8329685664:AAG0v7R4XaT7S8IIyOXWfY5_zGSTzPjzsdA/getUpdates "HTTP/1.1 200 OK"
2025-10-06 20:31:59,113 - httpx - INFO - HTTP Request: POST https://api.telegram.org/bot8329685664:AAG0v7R4XaT7S8IIyOXWfY5_zGSTzPjzsdA/getUpdates "HTTP/1.1 200 OK"
2025-10-06 20:32:09,266 - httpx - INFO - HTTP Request: POST https://api.telegram.org/bot8329685664:AAG0v7R4XaT7S8IIyOXWfY5_zGSTzPjzsdA/getUpdates "HTTP/1.1 200 OK"
2025-10-06 20:32:19,428 - httpx - INFO - HTTP Request: POST https://api.telegram.org/bot8329685664:AAG0v7R4XaT7S8IIyOXWfY5_zGSTzPjzsdA/getUpdates "HTTP/1.1 200 OK"
2025-10-06 20:32:29,583 - httpx - INFO - HTTP Request: POST https://api.telegram.org/bot8329685664:AAG0v7R4XaT7S8IIyOXWfY5_zGSTzPjzsdA/getUpdates "HTTP/1.1 200 OK"
2025-10-06 20:32:39,750 - httpx - INFO - HTTP Request: POST https://api.telegram.org/bot8329685664:AAG0v7R4XaT7S8IIyOXWfY5_zGSTzPjzsdA/getUpdates "HTTP/1.1 200 OK"
2025-10-06 20:32:49,905 - httpx - INFO - HTTP Request: POST https://api.telegram.org/bot8329685664:AAG0v7R4XaT7S8IIyOXWfY5_zGSTzPjzsdA/getUpdates "HTTP/1.1 200 OK"
2025-10-06 20:33:00,060 - httpx - INFO - HTTP Request: POST https://api.telegram.org/bot8329685664:AAG0v7R4XaT7S8IIyOXWfY5_zGSTzPjzsdA/getUpdates "HTTP/1.1 200 OK"
2025-10-06 20:33:10,222 - httpx - INFO - HTTP Request: POST https://api.telegram.org/bot8329685664:AAG0v7R4XaT7S8IIyOXWfY5_zGSTzPjzsdA/getUpdates "HTTP/1.1 200 OK"
2025-10-06 20:33:20,387 - httpx - INFO - HTTP Request: POST https://api.telegram.org/bot8329685664:AAG0v7R4XaT7S8IIyOXWfY5_zGSTzPjzsdA/getUpdates "HTTP/1.1 200 OK"
2025-10-06 20:33:30,542 - httpx - INFO - HTTP Request: POST https://api.telegram.org/bot8329685664:AAG0v7R4XaT7S8IIyOXWfY5_zGSTzPjzsdA/getUpdates "HTTP/1.1 200 OK"
2025-10-06 20:33:40,697 - httpx - INFO - HTTP Request: POST https://api.telegram.org/bot8329685664:AAG0v7R4XaT7S8IIyOXWfY5_zGSTzPjzsdA/getUpdates "HTTP/1.1 200 OK"
2025-10-06 20:33:50,851 - httpx - INFO - HTTP Request: POST https://api.telegram.org/bot8329685664:AAG0v7R4XaT7S8IIyOXWfY5_zGSTzPjzsdA/getUpdates "HTTP/1.1 200 OK"
2025-10-06 20:34:01,005 - httpx - INFO - HTTP Request: POST https://api.telegram.org/bot8329685664:AAG0v7R4XaT7S8IIyOXWfY5_zGSTzPjzsdA/getUpdates "HTTP/1.1 200 OK"
2025-10-06 20:34:11,158 - httpx - INFO - HTTP Request: POST https://api.telegram.org/bot8329685664:AAG0v7R4XaT7S8IIyOXWfY5_zGSTzPjzsdA/getUpdates "HTTP/1.1 200 OK"
2025-10-06 20:34:21,314 - httpx - INFO - HTTP Request: POST https://api.telegram.org/bot8329685664:AAG0v7R4XaT7S8IIyOXWfY5_zGSTzPjzsdA/getUpdates "HTTP/1.1 200 OK"
2025-10-06 20:34:31,469 - httpx - INFO - HTTP Request: POST https://api.telegram.org/bot8329685664:AAG0v7R4XaT7S8IIyOXWfY5_zGSTzPjzsdA/getUpdates "HTTP/1.1 200 OK"
2025-10-06 20:34:41,635 - httpx - INFO - HTTP Request: POST https://api.telegram.org/bot8329685664:AAG0v7R4XaT7S8IIyOXWfY5_zGSTzPjzsdA/getUpdates "HTTP/1.1 200 OK"
2025-10-06 20:34:51,789 - httpx - INFO - HTTP Request: POST https://api.telegram.org/bot8329685664:AAG0v7R4XaT7S8IIyOXWfY5_zGSTzPjzsdA/getUpdates "HTTP/1.1 200 OK"
2025-10-06 20:35:01,944 - httpx - INFO - HTTP Request: POST https://api.telegram.org/bot8329685664:AAG0v7R4XaT7S8IIyOXWfY5_zGSTzPjzsdA/getUpdates "HTTP/1.1 200 OK"
2025-10-06 20:35:12,098 - httpx - INFO - HTTP Request: POST https://api.telegram.org/bot8329685664:AAG0v7R4XaT7S8IIyOXWfY5_zGSTzPjzsdA/getUpdates "HTTP/1.1 200 OK"
2025-10-06 20:35:22,253 - httpx - INFO - HTTP Request: POST https://api.telegram.org/bot8329685664:AAG0v7R4XaT7S8IIyOXWfY5_zGSTzPjzsdA/getUpdates "HTTP/1.1 200 OK"
2025-10-06 20:35:32,407 - httpx - INFO - HTTP Request: POST https://api.telegram.org/bot8329685664:AAG0v7R4XaT7S8IIyOXWfY5_zGSTzPjzsdA/getUpdates "HTTP/1.1 200 OK"
2025-10-06 20:35:42,561 - httpx - INFO - HTTP Request: POST https://api.telegram.org/bot8329685664:AAG0v7R4XaT7S8IIyOXWfY5_zGSTzPjzsdA/getUpdates "HTTP/1.1 200 OK"
2025-10-06 20:35:52,715 - httpx - INFO - HTTP Request: POST https://api.telegram.org/bot8329685664:AAG0v7R4XaT7S8IIyOXWfY5_zGSTzPjzsdA/getUpdates "HTTP/1.1 200 OK"
2025-10-06 20:36:02,872 - httpx - INFO - HTTP Request: POST https://api.telegram.org/bot8329685664:AAG0v7R4XaT7S8IIyOXWfY5_zGSTzPjzsdA/getUpdates "HTTP/1.1 200 OK"
2025-10-06 20:36:13,029 - httpx - INFO - HTTP Request: POST https://api.telegram.org/bot8329685664:AAG0v7R4XaT7S8IIyOXWfY5_zGSTzPjzsdA/getUpdates "HTTP/1.1 200 OK"
2025-10-06 20:36:23,232 - httpx - INFO - HTTP Request: POST https://api.telegram.org/bot8329685664:AAG0v7R4XaT7S8IIyOXWfY5_zGSTzPjzsdA/getUpdates "HTTP/1.1 200 OK"
2025-10-06 20:36:33,386 - httpx - INFO - HTTP Request: POST https://api.telegram.org/bot8329685664:AAG0v7R4XaT7S8IIyOXWfY5_zGSTzPjzsdA/getUpdates "HTTP/1.1 200 OK"
2025-10-06 20:36:43,550 - httpx - INFO - HTTP Request: POST https://api.telegram.org/bot8329685664:AAG0v7R4XaT7S8IIyOXWfY5_zGSTzPjzsdA/getUpdates "HTTP/1.1 200 OK"
2025-10-06 20:36:53,706 - httpx - INFO - HTTP Request: POST https://api.telegram.org/bot8329685664:AAG0v7R4XaT7S8IIyOXWfY5_zGSTzPjzsdA/getUpdates "HTTP/1.1 200 OK"
2025-10-06 20:37:03,861 - httpx - INFO - HTTP Request: POST https://api.telegram.org/bot8329685664:AAG0v7R4XaT7S8IIyOXWfY5_zGSTzPjzsdA/getUpdates "HTTP/1.1 200 OK"
2025-10-06 20:37:14,016 - httpx - INFO - HTTP Request: POST https://api.telegram.org/bot8329685664:AAG0v7R4XaT7S8IIyOXWfY5_zGSTzPjzsdA/getUpdates "HTTP/1.1 200 OK"
2025-10-06 20:37:24,169 - httpx - INFO - HTTP Request: POST https://api.telegram.org/bot8329685664:AAG0v7R4XaT7S8IIyOXWfY5_zGSTzPjzsdA/getUpdates "HTTP/1.1 200 OK"
2025-10-06 20:37:34,325 - httpx - INFO - HTTP Request: POST https://api.telegram.org/bot8329685664:AAG0v7R4XaT7S8IIyOXWfY5_zGSTzPjzsdA/getUpdates "HTTP/1.1 200 OK"
2025-10-06 20:37:44,483 - httpx - INFO - HTTP Request: POST https://api.telegram.org/bot8329685664:AAG0v7R4XaT7S8IIyOXWfY5_zGSTzPjzsdA/getUpdates "HTTP/1.1 200 OK"
2025-10-06 20:37:54,644 - httpx - INFO - HTTP Request: POST https://api.telegram.org/bot8329685664:AAG0v7R4XaT7S8IIyOXWfY5_zGSTzPjzsdA/getUpdates "HTTP/1.1 200 OK"
2025-10-06 20:38:04,799 - httpx - INFO - HTTP Request: POST https://api.telegram.org/bot8329685664:AAG0v7R4XaT7S8IIyOXWfY5_zGSTzPjzsdA/getUpdates "HTTP/1.1 200 OK"
2025-10-06 20:38:14,954 - httpx - INFO - HTTP Request: POST https://api.telegram.org/bot8329685664:AAG0v7R4XaT7S8IIyOXWfY5_zGSTzPjzsdA/getUpdates "HTTP/1.1 200 OK"
2025-10-06 20:38:25,114 - httpx - INFO - HTTP Request: POST https://api.telegram.org/bot8329685664:AAG0v7R4XaT7S8IIyOXWfY5_zGSTzPjzsdA/getUpdates "HTTP/1.1 200 OK"
2025-10-06 20:38:35,269 - httpx - INFO - HTTP Request: POST https://api.telegram.org/bot8329685664:AAG0v7R4XaT7S8IIyOXWfY5_zGSTzPjzsdA/getUpdates "HTTP/1.1 200 OK"
2025-10-06 20:38:45,425 - httpx - INFO - HTTP Request: POST https://api.telegram.org/bot8329685664:AAG0v7R4XaT7S8IIyOXWfY5_zGSTzPjzsdA/getUpdates "HTTP/1.1 200 OK"
2025-10-06 20:38:55,578 - httpx - INFO - HTTP Request: POST https://api.telegram.org/bot8329685664:AAG0v7R4XaT7S8IIyOXWfY5_zGSTzPjzsdA/getUpdates "HTTP/1.1 200 OK"
2025-10-06 20:39:05,735 - httpx - INFO - HTTP Request: POST https://api.telegram.org/bot8329685664:AAG0v7R4XaT7S8IIyOXWfY5_zGSTzPjzsdA/getUpdates "HTTP/1.1 200 OK"
2025-10-06 20:39:15,891 - httpx - INFO - HTTP Request: POST https://api.telegram.org/bot8329685664:AAG0v7R4XaT7S8IIyOXWfY5_zGSTzPjzsdA/getUpdates "HTTP/1.1 200 OK"
2025-10-06 20:39:26,046 - httpx - INFO - HTTP Request: POST https://api.telegram.org/bot8329685664:AAG0v7R4XaT7S8IIyOXWfY5_zGSTzPjzsdA/getUpdates "HTTP/1.1 200 OK"
2025-10-06 20:39:36,204 - httpx - INFO - HTTP Request: POST https://api.telegram.org/bot8329685664:AAG0v7R4XaT7S8IIyOXWfY5_zGSTzPjzsdA/getUpdates "HTTP/1.1 200 OK"
2025-10-06 20:39:46,361 - httpx - INFO - HTTP Request: POST https://api.telegram.org/bot8329685664:AAG0v7R4XaT7S8IIyOXWfY5_zGSTzPjzsdA/getUpdates "HTTP/1.1 200 OK"
2025-10-06 20:39:56,527 - httpx - INFO - HTTP Request: POST https://api.telegram.org/bot8329685664:AAG0v7R4XaT7S8IIyOXWfY5_zGSTzPjzsdA/getUpdates "HTTP/1.1 200 OK"
2025-10-06 20:40:06,710 - httpx - INFO - HTTP Request: POST https://api.telegram.org/bot8329685664:AAG0v7R4XaT7S8IIyOXWfY5_zGSTzPjzsdA/getUpdates "HTTP/1.1 200 OK"
2025-10-06 20:40:16,865 - httpx - INFO - HTTP Request: POST https://api.telegram.org/bot8329685664:AAG0v7R4XaT7S8IIyOXWfY5_zGSTzPjzsdA/getUpdates "HTTP/1.1 200 OK"
2025-10-06 20:40:27,020 - httpx - INFO - HTTP Request: POST https://api.telegram.org/bot8329685664:AAG0v7R4XaT7S8IIyOXWfY5_zGSTzPjzsdA/getUpdates "HTTP/1.1 200 OK"
2025-10-06 20:40:37,175 - httpx - INFO - HTTP Request: POST https://api.telegram.org/bot8329685664:AAG0v7R4XaT7S8IIyOXWfY5_zGSTzPjzsdA/getUpdates "HTTP/1.1 200 OK"
2025-10-06 20:40:47,329 - httpx - INFO - HTTP Request: POST https://api.telegram.org/bot8329685664:AAG0v7R4XaT7S8IIyOXWfY5_zGSTzPjzsdA/getUpdates "HTTP/1.1 200 OK"
2025-10-06 20:40:57,483 - httpx - INFO - HTTP Request: POST https://api.telegram.org/bot8329685664:AAG0v7R4XaT7S8IIyOXWfY5_zGSTzPjzsdA/getUpdates "HTTP/1.1 200 OK"
2025-10-06 20:41:07,638 - httpx - INFO - HTTP Request: POST https://api.telegram.org/bot8329685664:AAG0v7R4XaT7S8IIyOXWfY5_zGSTzPjzsdA/getUpdates "HTTP/1.1 200 OK"
2025-10-06 20:41:17,796 - httpx - INFO - HTTP Request: POST https://api.telegram.org/bot8329685664:AAG0v7R4XaT7S8IIyOXWfY5_zGSTzPjzsdA/getUpdates "HTTP/1.1 200 OK"
2025-10-06 20:41:27,951 - httpx - INFO - HTTP Request: POST https://api.telegram.org/bot8329685664:AAG0v7R4XaT7S8IIyOXWfY5_zGSTzPjzsdA/getUpdates "HTTP/1.1 200 OK"
2025-10-06 20:41:38,107 - httpx - INFO - HTTP Request: POST https://api.telegram.org/bot8329685664:AAG0v7R4XaT7S8IIyOXWfY5_zGSTzPjzsdA/getUpdates "HTTP/1.1 200 OK"
2025-10-06 20:41:48,262 - httpx - INFO - HTTP Request: POST https://api.telegram.org/bot8329685664:AAG0v7R4XaT7S8IIyOXWfY5_zGSTzPjzsdA/getUpdates "HTTP/1.1 200 OK"
2025-10-06 20:41:58,416 - httpx - INFO - HTTP Request: POST https://api.telegram.org/bot8329685664:AAG0v7R4XaT7S8IIyOXWfY5_zGSTzPjzsdA/getUpdates "HTTP/1.1 200 OK"
2025-10-06 20:42:08,571 - httpx - INFO - HTTP Request: POST https://api.telegram.org/bot8329685664:AAG0v7R4XaT7S8IIyOXWfY5_zGSTzPjzsdA/getUpdates "HTTP/1.1 200 OK"
2025-10-06 20:42:18,727 - httpx - INFO - HTTP Request: POST https://api.telegram.org/bot8329685664:AAG0v7R4XaT7S8IIyOXWfY5_zGSTzPjzsdA/getUpdates "HTTP/1.1 200 OK"
2025-10-06 20:42:28,883 - httpx - INFO - HTTP Request: POST https://api.telegram.org/bot8329685664:AAG0v7R4XaT7S8IIyOXWfY5_zGSTzPjzsdA/getUpdates "HTTP/1.1 200 OK"
2025-10-06 20:42:39,043 - httpx - INFO - HTTP Request: POST https://api.telegram.org/bot8329685664:AAG0v7R4XaT7S8IIyOXWfY5_zGSTzPjzsdA/getUpdates "HTTP/1.1 200 OK"
2025-10-06 20:42:49,237 - httpx - INFO - HTTP Request: POST https://api.telegram.org/bot8329685664:AAG0v7R4XaT7S8IIyOXWfY5_zGSTzPjzsdA/getUpdates "HTTP/1.1 200 OK"
2025-10-06 20:42:59,390 - httpx - INFO - HTTP Request: POST https://api.telegram.org/bot8329685664:AAG0v7R4XaT7S8IIyOXWfY5_zGSTzPjzsdA/getUpdates "HTTP/1.1 200 OK"
2025-10-06 20:43:09,543 - httpx - INFO - HTTP Request: POST https://api.telegram.org/bot8329685664:AAG0v7R4XaT7S8IIyOXWfY5_zGSTzPjzsdA/getUpdates "HTTP/1.1 200 OK"
2025-10-06 20:43:19,697 - httpx - INFO - HTTP Request: POST https://api.telegram.org/bot8329685664:AAG0v7R4XaT7S8IIyOXWfY5_zGSTzPjzsdA/getUpdates "HTTP/1.1 200 OK"
2025-10-06 20:43:29,855 - httpx - INFO - HTTP Request: POST https://api.telegram.org/bot8329685664:AAG0v7R4XaT7S8IIyOXWfY5_zGSTzPjzsdA/getUpdates "HTTP/1.1 200 OK"
2025-10-06 20:43:40,011 - httpx - INFO - HTTP Request: POST https://api.telegram.org/bot8329685664:AAG0v7R4XaT7S8IIyOXWfY5_zGSTzPjzsdA/getUpdates "HTTP/1.1 200 OK"
2025-10-06 20:43:50,171 - httpx - INFO - HTTP Request: POST https://api.telegram.org/bot8329685664:AAG0v7R4XaT7S8IIyOXWfY5_zGSTzPjzsdA/getUpdates "HTTP/1.1 200 OK"
2025-10-06 20:44:00,323 - httpx - INFO - HTTP Request: POST https://api.telegram.org/bot8329685664:AAG0v7R4XaT7S8IIyOXWfY5_zGSTzPjzsdA/getUpdates "HTTP/1.1 200 OK"
2025-10-06 20:44:10,481 - httpx - INFO - HTTP Request: POST https://api.telegram.org/bot8329685664:AAG0v7R4XaT7S8IIyOXWfY5_zGSTzPjzsdA/getUpdates "HTTP/1.1 200 OK"
2025-10-06 20:44:20,638 - httpx - INFO - HTTP Request: POST https://api.telegram.org/bot8329685664:AAG0v7R4XaT7S8IIyOXWfY5_zGSTzPjzsdA/getUpdates "HTTP/1.1 200 OK"
2025-10-06 20:44:30,793 - httpx - INFO - HTTP Request: POST https://api.telegram.org/bot8329685664:AAG0v7R4XaT7S8IIyOXWfY5_zGSTzPjzsdA/getUpdates "HTTP/1.1 200 OK"
2025-10-06 20:44:40,948 - httpx - INFO - HTTP Request: POST https://api.telegram.org/bot8329685664:AAG0v7R4XaT7S8IIyOXWfY5_zGSTzPjzsdA/getUpdates "HTTP/1.1 200 OK"
2025-10-06 20:44:51,102 - httpx - INFO - HTTP Request: POST https://api.telegram.org/bot8329685664:AAG0v7R4XaT7S8IIyOXWfY5_zGSTzPjzsdA/getUpdates "HTTP/1.1 200 OK"
2025-10-06 20:45:01,256 - httpx - INFO - HTTP Request: POST https://api.telegram.org/bot8329685664:AAG0v7R4XaT7S8IIyOXWfY5_zGSTzPjzsdA/getUpdates "HTTP/1.1 200 OK"
2025-10-06 20:45:06,323 - httpx - INFO - HTTP Request: POST https://api.telegram.org/bot8329685664:AAG0v7R4XaT7S8IIyOXWfY5_zGSTzPjzsdA/getUpdates "HTTP/1.1 200 OK"
2025-10-06 20:45:06,327 - telegram.ext.Application - INFO - Application is stopping. This might take a moment.
2025-10-06 20:45:06,334 - apscheduler.scheduler - INFO - Scheduler has been shut down
2025-10-06 20:45:06,335 - telegram.ext.Application - INFO - Application.stop() complete
